#
# There is insufficient memory for the Java Runtime Environment to continue.
# Native memory allocation (malloc) failed to allocate 32744 bytes for ChunkPool::allocate
# Possible reasons:
#   The system is out of physical RAM or swap space
#   In 32 bit mode, the process size limit was hit
# Possible solutions:
#   Reduce memory load on the system
#   Increase physical memory or swap space
#   Check if swap backing store is full
#   Use 64 bit Java on a 64 bit OS
#   Decrease Java heap size (-Xmx/-Xms)
#   Decrease number of Java threads
#   Decrease Java thread stack sizes (-Xss)
#   Set larger code cache with -XX:ReservedCodeCacheSize=
# This output file may be truncated or incomplete.
#
#  Out of Memory Error (allocation.cpp:273), pid=7560, tid=0x0000000000000b64
#
# JRE version: OpenJDK Runtime Environment (8.0_112-b06) (build 1.8.0_112-release-b06)
# Java VM: OpenJDK 64-Bit Server VM (25.112-b06 mixed mode windows-amd64 compressed oops)
# Failed to write core dump. Minidumps are not enabled by default on client versions of Windows
#

---------------  T H R E A D  ---------------

Current thread (0x0000000025cb9000):  JavaThread "C2 CompilerThread0" daemon [_thread_in_native, id=2916, stack(0x00000000273f0000,0x00000000274f0000)]

Stack: [0x00000000273f0000,0x00000000274f0000]
[error occurred during error reporting (printing stack bounds), id 0xc0000005]

Native frames: (J=compiled Java code, j=interpreted, Vv=VM code, C=native code)


Current CompileTask:
C2:  52056 3290 %     4       com.android.dx.dex.file.MemberIdsSection::orderItems @ 38 (69 bytes)


---------------  P R O C E S S  ---------------

Java Threads: ( => current thread )
  0x0000000027e9a800 JavaThread "pool-1-thread-1" [_thread_in_Java, id=11288, stack(0x000000002a990000,0x000000002aa90000)]
  0x0000000027d22800 JavaThread "pool-2-thread-4" [_thread_in_Java, id=3800, stack(0x00000000298c0000,0x00000000299c0000)]
  0x0000000027d21800 JavaThread "pool-2-thread-3" [_thread_in_Java, id=892, stack(0x00000000297c0000,0x00000000298c0000)]
  0x000000002827c000 JavaThread "pool-2-thread-2" [_thread_in_Java, id=8208, stack(0x00000000296c0000,0x00000000297c0000)]
  0x000000002827b800 JavaThread "pool-3-thread-1" [_thread_blocked, id=13228, stack(0x00000000295c0000,0x00000000296c0000)]
  0x00000000281ae000 JavaThread "pool-2-thread-1" [_thread_blocked, id=1960, stack(0x00000000294c0000,0x00000000295c0000)]
  0x0000000027720800 JavaThread "Service Thread" daemon [_thread_blocked, id=15120, stack(0x0000000027af0000,0x0000000027bf0000)]
  0x0000000025cae000 JavaThread "C1 CompilerThread2" daemon [_thread_in_vm, id=8324, stack(0x00000000275f0000,0x00000000276f0000)]
  0x0000000025ca8800 JavaThread "C2 CompilerThread1" daemon [_thread_in_native, id=12760, stack(0x00000000274f0000,0x00000000275f0000)]
=>0x0000000025cb9000 JavaThread "C2 CompilerThread0" daemon [_thread_in_native, id=2916, stack(0x00000000273f0000,0x00000000274f0000)]
  0x0000000025cb7800 JavaThread "Attach Listener" daemon [_thread_blocked, id=2752, stack(0x00000000272f0000,0x00000000273f0000)]
  0x0000000025cb6000 JavaThread "Signal Dispatcher" daemon [_thread_blocked, id=76, stack(0x00000000271f0000,0x00000000272f0000)]
  0x000000000308c000 JavaThread "Finalizer" daemon [_thread_blocked, id=7160, stack(0x0000000026f00000,0x0000000027000000)]
  0x0000000003081000 JavaThread "Reference Handler" daemon [_thread_blocked, id=9548, stack(0x0000000026e00000,0x0000000026f00000)]
  0x0000000002e5e000 JavaThread "main" [_thread_in_native, id=10868, stack(0x0000000002e90000,0x0000000002f90000)]

Other Threads:
  0x0000000025c75800 VMThread [stack: 0x0000000026d00000,0x0000000026e00000] [id=14584]
  0x0000000025cc9800 WatcherThread [stack: 0x0000000027bf0000,0x0000000027cf0000] [id=11468]

VM state:not at safepoint (normal execution)

VM Mutex/Monitor currently owned by a thread: None

Heap:
 PSYoungGen      total 860160K, used 265797K [0x0000000715580000, 0x0000000759a80000, 0x00000007c0000000)
  eden space 658432K, 40% used [0x0000000715580000,0x0000000725911588,0x000000073d880000)
  from space 201728K, 0% used [0x000000073d880000,0x000000073d880000,0x0000000749d80000)
  to   space 158208K, 0% used [0x0000000749d80000,0x0000000749d80000,0x0000000753800000)
 ParOldGen       total 595456K, used 595050K [0x00000005c0000000, 0x00000005e4580000, 0x0000000715580000)
  object space 595456K, 99% used [0x00000005c0000000,0x00000005e451aa98,0x00000005e4580000)
 Metaspace       used 6740K, capacity 7350K, committed 7552K, reserved 1056768K
  class space    used 608K, capacity 622K, committed 640K, reserved 1048576K

Card table byte_map: [0x0000000012450000,0x0000000013460000] byte_map_base: 0x000000000f650000

Marking Bits: (ParMarkBitMap*) 0x0000000077f818f0
 Begin Bits: [0x0000000014310000, 0x000000001c310000)
 End Bits:   [0x000000001c310000, 0x0000000024310000)

Polling page: 0x0000000002d70000

CodeCache: size=245760Kb used=11424Kb max_used=14547Kb free=234335Kb
 bounds [0x0000000003090000, 0x0000000003ee0000, 0x0000000012090000]
 total_blobs=2789 nmethods=2520 adapters=182
 compilation: enabled

Compilation events (10 events):
Event: 39.838 Thread 0x0000000025cb9000 3286       4       com.android.dx.ssa.DeadCodeRemover::process (14 bytes)
Event: 39.842 Thread 0x0000000025cb9000 nmethod 3286 0x0000000003c46d10 code [0x0000000003c46e80, 0x0000000003c47158]
Event: 39.896 Thread 0x0000000025cae000 3287 %     3       com.android.dx.dex.file.UniformItemSection::prepare0 @ 19 (47 bytes)
Event: 39.896 Thread 0x0000000025cae000 nmethod 3287% 0x000000000335c390 code [0x000000000335c560, 0x000000000335cdb8]
Event: 39.896 Thread 0x0000000025cae000 3288       3       com.android.dx.dex.file.UniformItemSection::prepare0 (47 bytes)
Event: 39.897 Thread 0x0000000025cae000 nmethod 3288 0x00000000038da850 code [0x00000000038daa20, 0x00000000038db218]
Event: 39.943 Thread 0x0000000025ca8800 3289       4       sun.util.calendar.Gregorian$Date::getNormalizedYear (5 bytes)
Event: 39.944 Thread 0x0000000025ca8800 nmethod 3289 0x00000000036105d0 code [0x0000000003610700, 0x0000000003610758]
Event: 52.038 Thread 0x0000000025cb9000 3290 %     4       com.android.dx.dex.file.MemberIdsSection::orderItems @ 38 (69 bytes)
Event: 52.038 Thread 0x0000000025ca8800 3291       4       com.android.dx.dex.file.MemberIdItem::addContents (26 bytes)

GC Heap History (10 events):
Event: 20.255 GC heap before
{Heap before GC invocations=18 (full 3):
 PSYoungGen      total 816640K, used 816612K [0x0000000715580000, 0x0000000759a80000, 0x00000007c0000000)
  eden space 658432K, 100% used [0x0000000715580000,0x000000073d880000,0x000000073d880000)
  from space 158208K, 99% used [0x0000000749d80000,0x00000007537f9150,0x0000000753800000)
  to   space 201728K, 0% used [0x000000073d880000,0x000000073d880000,0x0000000749d80000)
 ParOldGen       total 520704K, used 436183K [0x00000005c0000000, 0x00000005dfc80000, 0x0000000715580000)
  object space 520704K, 83% used [0x00000005c0000000,0x00000005da9f5dc8,0x00000005dfc80000)
 Metaspace       used 6604K, capacity 7282K, committed 7552K, reserved 1056768K
  class space    used 600K, capacity 618K, committed 640K, reserved 1048576K
Event: 20.570 GC heap after
Heap after GC invocations=18 (full 3):
 PSYoungGen      total 860160K, used 102502K [0x0000000715580000, 0x0000000759a80000, 0x00000007c0000000)
  eden space 658432K, 0% used [0x0000000715580000,0x0000000715580000,0x000000073d880000)
  from space 201728K, 50% used [0x000000073d880000,0x0000000743c999f0,0x0000000749d80000)
  to   space 158208K, 0% used [0x0000000749d80000,0x0000000749d80000,0x0000000753800000)
 ParOldGen       total 595456K, used 595094K [0x00000005c0000000, 0x00000005e4580000, 0x0000000715580000)
  object space 595456K, 99% used [0x00000005c0000000,0x00000005e4525878,0x00000005e4580000)
 Metaspace       used 6604K, capacity 7282K, committed 7552K, reserved 1056768K
  class space    used 600K, capacity 618K, committed 640K, reserved 1048576K
}
Event: 20.570 GC heap before
{Heap before GC invocations=19 (full 4):
 PSYoungGen      total 860160K, used 102502K [0x0000000715580000, 0x0000000759a80000, 0x00000007c0000000)
  eden space 658432K, 0% used [0x0000000715580000,0x0000000715580000,0x000000073d880000)
  from space 201728K, 50% used [0x000000073d880000,0x0000000743c999f0,0x0000000749d80000)
  to   space 158208K, 0% used [0x0000000749d80000,0x0000000749d80000,0x0000000753800000)
 ParOldGen       total 595456K, used 595094K [0x00000005c0000000, 0x00000005e4580000, 0x0000000715580000)
  object space 595456K, 99% used [0x00000005c0000000,0x00000005e4525878,0x00000005e4580000)
 Metaspace       used 6604K, capacity 7282K, committed 7552K, reserved 1056768K
  class space    used 600K, capacity 618K, committed 640K, reserved 1048576K
Event: 23.936 GC heap after
Heap after GC invocations=19 (full 4):
 PSYoungGen      total 860160K, used 87100K [0x0000000715580000, 0x0000000759a80000, 0x00000007c0000000)
  eden space 658432K, 0% used [0x0000000715580000,0x0000000715580000,0x000000073d880000)
  from space 201728K, 43% used [0x000000073d880000,0x0000000742d8f340,0x0000000749d80000)
  to   space 158208K, 0% used [0x0000000749d80000,0x0000000749d80000,0x0000000753800000)
 ParOldGen       total 595456K, used 595246K [0x00000005c0000000, 0x00000005e4580000, 0x0000000715580000)
  object space 595456K, 99% used [0x00000005c0000000,0x00000005e454b918,0x00000005e4580000)
 Metaspace       used 6604K, capacity 7282K, committed 7552K, reserved 1056768K
  class space    used 600K, capacity 618K, committed 640K, reserved 1048576K
}
Event: 25.879 GC heap before
{Heap before GC invocations=20 (full 5):
 PSYoungGen      total 860160K, used 745532K [0x0000000715580000, 0x0000000759a80000, 0x00000007c0000000)
  eden space 658432K, 100% used [0x0000000715580000,0x000000073d880000,0x000000073d880000)
  from space 201728K, 43% used [0x000000073d880000,0x0000000742d8f340,0x0000000749d80000)
  to   space 158208K, 0% used [0x0000000749d80000,0x0000000749d80000,0x0000000753800000)
 ParOldGen       total 595456K, used 595290K [0x00000005c0000000, 0x00000005e4580000, 0x0000000715580000)
  object space 595456K, 99% used [0x00000005c0000000,0x00000005e4556a00,0x00000005e4580000)
 Metaspace       used 6709K, capacity 7350K, committed 7552K, reserved 1056768K
  class space    used 606K, capacity 622K, committed 640K, reserved 1048576K
Event: 32.221 GC heap after
Heap after GC invocations=20 (full 5):
 PSYoungGen      total 860160K, used 207673K [0x0000000715580000, 0x0000000759a80000, 0x00000007c0000000)
  eden space 658432K, 31% used [0x0000000715580000,0x000000072204e738,0x000000073d880000)
  from space 201728K, 0% used [0x000000073d880000,0x000000073d880000,0x0000000749d80000)
  to   space 158208K, 0% used [0x0000000749d80000,0x0000000749d80000,0x0000000753800000)
 ParOldGen       total 595456K, used 595394K [0x00000005c0000000, 0x00000005e4580000, 0x0000000715580000)
  object space 595456K, 99% used [0x00000005c0000000,0x00000005e4570a30,0x00000005e4580000)
 Metaspace       used 6709K, capacity 7350K, committed 7552K, reserved 1056768K
  class space    used 606K, capacity 622K, committed 640K, reserved 1048576K
}
Event: 35.233 GC heap before
{Heap before GC invocations=21 (full 6):
 PSYoungGen      total 860160K, used 658432K [0x0000000715580000, 0x0000000759a80000, 0x00000007c0000000)
  eden space 658432K, 100% used [0x0000000715580000,0x000000073d880000,0x000000073d880000)
  from space 201728K, 0% used [0x000000073d880000,0x000000073d880000,0x0000000749d80000)
  to   space 158208K, 0% used [0x0000000749d80000,0x0000000749d80000,0x0000000753800000)
 ParOldGen       total 595456K, used 595394K [0x00000005c0000000, 0x00000005e4580000, 0x0000000715580000)
  object space 595456K, 99% used [0x00000005c0000000,0x00000005e4570a30,0x00000005e4580000)
 Metaspace       used 6719K, capacity 7350K, committed 7552K, reserved 1056768K
  class space    used 608K, capacity 622K, committed 640K, reserved 1048576K
Event: 39.141 GC heap after
Heap after GC invocations=21 (full 6):
 PSYoungGen      total 860160K, used 319309K [0x0000000715580000, 0x0000000759a80000, 0x00000007c0000000)
  eden space 658432K, 48% used [0x0000000715580000,0x0000000728d53628,0x000000073d880000)
  from space 201728K, 0% used [0x000000073d880000,0x000000073d880000,0x0000000749d80000)
  to   space 158208K, 0% used [0x0000000749d80000,0x0000000749d80000,0x0000000753800000)
 ParOldGen       total 595456K, used 595036K [0x00000005c0000000, 0x00000005e4580000, 0x0000000715580000)
  object space 595456K, 99% used [0x00000005c0000000,0x00000005e4517110,0x00000005e4580000)
 Metaspace       used 6719K, capacity 7350K, committed 7552K, reserved 1056768K
  class space    used 608K, capacity 622K, committed 640K, reserved 1048576K
}
Event: 39.986 GC heap before
{Heap before GC invocations=22 (full 7):
 PSYoungGen      total 860160K, used 658432K [0x0000000715580000, 0x0000000759a80000, 0x00000007c0000000)
  eden space 658432K, 100% used [0x0000000715580000,0x000000073d880000,0x000000073d880000)
  from space 201728K, 0% used [0x000000073d880000,0x000000073d880000,0x0000000749d80000)
  to   space 158208K, 0% used [0x0000000749d80000,0x0000000749d80000,0x0000000753800000)
 ParOldGen       total 595456K, used 595036K [0x00000005c0000000, 0x00000005e4580000, 0x0000000715580000)
  object space 595456K, 99% used [0x00000005c0000000,0x00000005e4517110,0x00000005e4580000)
 Metaspace       used 6739K, capacity 7350K, committed 7552K, reserved 1056768K
  class space    used 608K, capacity 622K, committed 640K, reserved 1048576K
Event: 52.014 GC heap after
Heap after GC invocations=22 (full 7):
 PSYoungGen      total 860160K, used 255284K [0x0000000715580000, 0x0000000759a80000, 0x00000007c0000000)
  eden space 658432K, 38% used [0x0000000715580000,0x0000000724ecd2a8,0x000000073d880000)
  from space 201728K, 0% used [0x000000073d880000,0x000000073d880000,0x0000000749d80000)
  to   space 158208K, 0% used [0x0000000749d80000,0x0000000749d80000,0x0000000753800000)
 ParOldGen       total 595456K, used 595050K [0x00000005c0000000, 0x00000005e4580000, 0x0000000715580000)
  object space 595456K, 99% used [0x00000005c0000000,0x00000005e451aa98,0x00000005e4580000)
 Metaspace       used 6739K, capacity 7350K, committed 7552K, reserved 1056768K
  class space    used 608K, capacity 622K, committed 640K, reserved 1048576K
}

Deoptimization events (10 events):
Event: 32.466 Thread 0x0000000002e5e000 Uncommon trap: reason=class_check action=maybe_recompile pc=0x00000000039e5f70 method=com.android.dx.ssa.back.InterferenceGraph.mergeInterferenceSet(ILcom/android/dx/util/IntSet;)V @ 20
Event: 32.466 Thread 0x0000000002e5e000 Uncommon trap: reason=class_check action=maybe_recompile pc=0x0000000003cb776c method=com.android.dx.util.BitIntSet.merge(Lcom/android/dx/util/IntSet;)V @ 1
Event: 32.466 Thread 0x0000000002e5e000 Uncommon trap: reason=class_check action=maybe_recompile pc=0x00000000039e5f70 method=com.android.dx.ssa.back.InterferenceGraph.mergeInterferenceSet(ILcom/android/dx/util/IntSet;)V @ 20
Event: 32.466 Thread 0x0000000002e5e000 Uncommon trap: reason=class_check action=maybe_recompile pc=0x0000000003cb776c method=com.android.dx.util.BitIntSet.merge(Lcom/android/dx/util/IntSet;)V @ 1
Event: 32.472 Thread 0x0000000002e5e000 Uncommon trap: reason=class_check action=maybe_recompile pc=0x00000000039e5f70 method=com.android.dx.ssa.back.InterferenceGraph.mergeInterferenceSet(ILcom/android/dx/util/IntSet;)V @ 20
Event: 32.472 Thread 0x0000000002e5e000 Uncommon trap: reason=class_check action=maybe_recompile pc=0x0000000003cb776c method=com.android.dx.util.BitIntSet.merge(Lcom/android/dx/util/IntSet;)V @ 1
Event: 35.078 Thread 0x00000000281ae000 Uncommon trap: reason=class_check action=maybe_recompile pc=0x0000000003bc24e4 method=com.android.dx.ssa.SsaConverter.placePhiFunctions(Lcom/android/dx/ssa/SsaMethod;Lcom/android/dx/ssa/LocalVariableInfo;I)V @ 257
Event: 39.158 Thread 0x0000000027d21800 Uncommon trap: reason=class_check action=maybe_recompile pc=0x0000000003bc24e4 method=com.android.dx.ssa.SsaConverter.placePhiFunctions(Lcom/android/dx/ssa/SsaMethod;Lcom/android/dx/ssa/LocalVariableInfo;I)V @ 257
Event: 39.265 Thread 0x000000002827c000 Uncommon trap: reason=class_check action=maybe_recompile pc=0x0000000003bc24e4 method=com.android.dx.ssa.SsaConverter.placePhiFunctions(Lcom/android/dx/ssa/SsaMethod;Lcom/android/dx/ssa/LocalVariableInfo;I)V @ 257
Event: 39.370 Thread 0x0000000027d22800 Uncommon trap: reason=class_check action=maybe_recompile pc=0x000000000397ae94 method=com.android.dx.ssa.SsaConverter.placePhiFunctions(Lcom/android/dx/ssa/SsaMethod;Lcom/android/dx/ssa/LocalVariableInfo;I)V @ 257

Internal exceptions (9 events):
Event: 0.029 Thread 0x0000000002e5e000 Exception <a 'java/lang/NoSuchMethodError': Method sun.misc.Unsafe.defineClass(Ljava/lang/String;[BII)Ljava/lang/Class; name or signature does not match> (0x0000000715587c78) thrown at [C:\src\android\AOSP-openjdk\external\jetbrains\jdk\hotspot\src\share\vπmç¿ù?
Event: 0.029 Thread 0x0000000002e5e000 Exception <a 'java/lang/NoSuchMethodError': Method sun.misc.Unsafe.prefetchRead(Ljava/lang/Object;J)V name or signature does not match> (0x0000000715587f60) thrown at [C:\src\android\AOSP-openjdk\external\jetbrains\jdk\hotspot\src\share\vm\prims\jni.cpp, lAßÙãÊ?
Event: 0.704 Thread 0x000000002827c000 Implicit null exception at 0x00000000033cde6d to 0x00000000033cf445
Event: 1.056 Thread 0x0000000002e5e000 Implicit null exception at 0x00000000033ca3e2 to 0x00000000033ca4e2
Event: 1.655 Thread 0x000000002827c000 Exception <a 'java/lang/ArrayIndexOutOfBoundsException': 18> (0x0000000717643350) thrown at [C:\src\android\AOSP-openjdk\external\jetbrains\jdk\hotspot\src\share\vm\interpreter\interpreterRuntime.cpp, line 366]
Event: 1.656 Thread 0x000000002827c000 Exception <a 'java/lang/ArrayIndexOutOfBoundsException'> (0x0000000717644ed0) thrown at [C:\src\android\AOSP-openjdk\external\jetbrains\jdk\hotspot\src\share\vm\runtime\sharedRuntime.cpp, line 605]
Event: 1.657 Thread 0x000000002827c000 Exception <a 'java/lang/ArrayIndexOutOfBoundsException'> (0x00000007176461b8) thrown at [C:\src\android\AOSP-openjdk\external\jetbrains\jdk\hotspot\src\share\vm\runtime\sharedRuntime.cpp, line 605]
Event: 10.934 Thread 0x0000000002e5e000 Implicit null exception at 0x0000000003204a14 to 0x00000000032053c1
Event: 11.666 Thread 0x0000000027d22800 Implicit null exception at 0x0000000003749ac4 to 0x000000000374b80d

Events (10 events):
Event: 39.265 Thread 0x000000002827c000 Uncommon trap: trap_request=0xffffffde fr.pc=0x0000000003bc24e4
Event: 39.265 Thread 0x000000002827c000 DEOPT PACKING pc=0x0000000003bc24e4 sp=0x00000000297bece0
Event: 39.265 Thread 0x000000002827c000 DEOPT UNPACKING pc=0x00000000030d556a sp=0x00000000297becd8 mode 2
Event: 39.337 loading class com/android/dx/dex/file/ProtoIdItem
Event: 39.337 loading class com/android/dx/dex/file/ProtoIdItem done
Event: 39.370 Thread 0x0000000027d22800 Uncommon trap: trap_request=0xffffffde fr.pc=0x000000000397ae94
Event: 39.370 Thread 0x0000000027d22800 DEOPT PACKING pc=0x000000000397ae94 sp=0x00000000299bebd0
Event: 39.370 Thread 0x0000000027d22800 DEOPT UNPACKING pc=0x00000000030d556a sp=0x00000000299bebc8 mode 2
Event: 39.986 Executing VM operation: ParallelGCFailedAllocation
Event: 52.014 Executing VM operation: ParallelGCFailedAllocation done


Dynamic libraries:
0x00007ff691d10000 - 0x00007ff691d41000 	C:\Program Files\Android\Android Studio\jre\bin\java.exe
0x00007ff9bff50000 - 0x00007ff9c012b000 	C:\WINDOWS\SYSTEM32\ntdll.dll
0x00007ff9bf170000 - 0x00007ff9bf21e000 	C:\WINDOWS\System32\KERNEL32.DLL
0x00007ff9bcfb0000 - 0x00007ff9bd1f9000 	C:\WINDOWS\System32\KERNELBASE.dll
0x00007ff9bf390000 - 0x00007ff9bf431000 	C:\WINDOWS\System32\ADVAPI32.dll
0x00007ff9bf270000 - 0x00007ff9bf30d000 	C:\WINDOWS\System32\msvcrt.dll
0x00007ff9bdcc0000 - 0x00007ff9bdd19000 	C:\WINDOWS\System32\sechost.dll
0x00007ff9bfa30000 - 0x00007ff9bfb55000 	C:\WINDOWS\System32\RPCRT4.dll
0x00007ff9bfd30000 - 0x00007ff9bfe7a000 	C:\WINDOWS\System32\USER32.dll
0x00007ff9bcd70000 - 0x00007ff9bcd8e000 	C:\WINDOWS\System32\win32u.dll
0x00007ff9bf240000 - 0x00007ff9bf267000 	C:\WINDOWS\System32\GDI32.dll
0x00007ff9bcbe0000 - 0x00007ff9bcd68000 	C:\WINDOWS\System32\gdi32full.dll
0x00007ff9bd200000 - 0x00007ff9bd29a000 	C:\WINDOWS\System32\msvcp_win.dll
0x00007ff9bd3b0000 - 0x00007ff9bd4a6000 	C:\WINDOWS\System32\ucrtbase.dll
0x00007ff9a8f30000 - 0x00007ff9a9197000 	C:\WINDOWS\WinSxS\amd64_microsoft.windows.common-controls_6595b64144ccf1df_6.0.15063.483_none_26002d27e7c744a2\COMCTL32.dll
0x00007ff9bd630000 - 0x00007ff9bd929000 	C:\WINDOWS\System32\combase.dll
0x00007ff9bcb70000 - 0x00007ff9bcbda000 	C:\WINDOWS\System32\bcryptPrimitives.dll
0x00007ff9bd4b0000 - 0x00007ff9bd4dd000 	C:\WINDOWS\System32\IMM32.DLL
0x00000000518b0000 - 0x0000000051982000 	C:\Program Files\Android\Android Studio\jre\jre\bin\msvcr100.dll
0x00000000777c0000 - 0x0000000077ffc000 	C:\Program Files\Android\Android Studio\jre\jre\bin\server\jvm.dll
0x00007ff9bff40000 - 0x00007ff9bff48000 	C:\WINDOWS\System32\PSAPI.DLL
0x00007ff9aa250000 - 0x00007ff9aa273000 	C:\WINDOWS\SYSTEM32\WINMM.dll
0x00007ff9b5750000 - 0x00007ff9b575a000 	C:\WINDOWS\SYSTEM32\VERSION.dll
0x00007ff9a6990000 - 0x00007ff9a6999000 	C:\WINDOWS\SYSTEM32\WSOCK32.dll
0x00007ff9bf320000 - 0x00007ff9bf38c000 	C:\WINDOWS\System32\WS2_32.dll
0x00007ff9aa0b0000 - 0x00007ff9aa0db000 	C:\WINDOWS\SYSTEM32\winmmbase.dll
0x00007ff9bcf60000 - 0x00007ff9bcfa9000 	C:\WINDOWS\System32\cfgmgr32.dll
0x00007ff9b86c0000 - 0x00007ff9b86cf000 	C:\Program Files\Android\Android Studio\jre\jre\bin\verify.dll
0x00007ff9b2210000 - 0x00007ff9b2239000 	C:\Program Files\Android\Android Studio\jre\jre\bin\java.dll
0x00007ff9b8380000 - 0x00007ff9b8396000 	C:\Program Files\Android\Android Studio\jre\jre\bin\zip.dll
0x00007ff9bdd30000 - 0x00007ff9bf167000 	C:\WINDOWS\System32\SHELL32.dll
0x00007ff9bf440000 - 0x00007ff9bf4ea000 	C:\WINDOWS\System32\shcore.dll
0x00007ff9bc470000 - 0x00007ff9bcb63000 	C:\WINDOWS\System32\windows.storage.dll
0x00007ff9bf4f0000 - 0x00007ff9bf541000 	C:\WINDOWS\System32\shlwapi.dll
0x00007ff9bc430000 - 0x00007ff9bc441000 	C:\WINDOWS\System32\kernel.appcore.dll
0x00007ff9bc3c0000 - 0x00007ff9bc40c000 	C:\WINDOWS\System32\powrprof.dll
0x00007ff9bc410000 - 0x00007ff9bc425000 	C:\WINDOWS\System32\profapi.dll

VM Arguments:
jvm_args: -Djava.awt.headless=true -Xmx8g -Dfile.encoding=windows-1252 -Duser.country=SE -Duser.language=sv -Duser.variant 
java_command: com.android.dx.command.Main --dex --num-threads=4 --multi-dex --main-dex-list C:\Users\pontu\Documents\portcdm-mobile-app\App\android\app\build\intermediates\multi-dex\debug\maindexlist.txt --output C:\Users\pontu\Documents\portcdm-mobile-app\App\android\app\build\intermediates\transforms\dex\debug\folders\1000\1f\main C:\Users\pontu\Documents\portcdm-mobile-app\App\android\app\build\intermediates\transforms\jarMerging\debug\jars\1\1f\combined.jar
java_class_path (initial): C:\Users\pontu\AppData\Local\Android\Sdk\build-tools\25.0.2\lib\dx.jar
Launcher Type: SUN_STANDARD

Environment Variables:
JAVA_HOME=C:\Program Files (x86)\Java\jdk1.8.0_131
PATH=C:\ProgramData\Oracle\Java\javapath;C:\Program Files (x86)\Intel\iCLS Client\;C:\Program Files\Intel\iCLS Client\;C:\Windows\system32;C:\Windows;C:\Windows\System32\Wbem;C:\Windows\System32\WindowsPowerShell\v1.0\;C:\Program Files (x86)\Intel\Intel(R) Management Engine Components\DAL;C:\Program Files\Intel\Intel(R) Management Engine Components\DAL;C:\Program Files (x86)\Intel\Intel(R) Management Engine Components\IPT;C:\Program Files\Intel\Intel(R) Management Engine Components\IPT;C:\Program Files (x86)\NVIDIA Corporation\PhysX\Common;C:\Program Files\erl8.0\bin;C:\Users\pontu\Documents\Programmering\Haskell\ghc-7.10.3\bin;C:\Program Files\Git\cmd;C:\Program Files (x86)\Windows Live\Shared;C:\Program Files (x86)\GtkSharp\2.12\bin;C:\WINDOWS\system32\config\systemprofile\.dnx\bin;C:\Program Files\Microsoft DNX\Dnvm\;C:\Program Files\Microsoft SQL Server\130\Tools\Binn\;C:\MinGW\bin;C:\WINDOWS\system32;C:\WINDOWS;C:\WINDOWS\System32\Wbem;C:\Program Files\PostgreSQL\9.6\bin;C:\Program Files (x86)\Microsoft SQL Server\Client SDK\ODBC\130\Tools\Binn\;C:\Program Files (x86)\Microsoft SQL Server\130\Tools\Binn\;C:\Program Files (x86)\Microsoft SQL Server\130\DTS\Binn\;C:\Program Files (x86)\Microsoft SQL Server\130\Tools\Binn\ManagementStudio\;C:\Program Files (x86)\Skype\Phone\;C:\Program Files\dotnet\;C:\WINDOWS\System32\WindowsPowerShell\v1.0\;C:\Program Files\Maven\apache-maven-3.5.0\bin;C:\Program Files\OpenVPN\bin;C:\Program Files\PuTTY\;C:\Program Files\nodejs\;C:\Program Files (x86)\Android\android-sdk\platform-tools;C:\Users\pontu\Documents\Programmering\cmd;C:\Users\pontu\AppData\Local\Microsoft\WindowsApps;;C:\Users\pontu\AppData\Roaming\npm;C:\Program Files\Microsoft VS Code\bin
USERNAME=pontu
OS=Windows_NT
PROCESSOR_IDENTIFIER=Intel64 Family 6 Model 78 Stepping 3, GenuineIntel



---------------  S Y S T E M  ---------------

OS: Windows 10.0 , 64 bit Build 15063 (10.0.15063.296)

CPU:total 4 (2 cores per cpu, 2 threads per core) family 6 model 78 stepping 3, cmov, cx8, fxsr, mmx, sse, sse2, sse3, ssse3, sse4.1, sse4.2, popcnt, avx, avx2, aes, clmul, erms, 3dnowpref, lzcnt, ht, tsc, tscinvbit, bmi1, bmi2, adx

Memory: 4k page, physical 8251996k(365788k free), swap 10200668k(96k free)

vm_info: OpenJDK 64-Bit Server VM (25.112-b06) for windows-amd64 JRE (1.8.0_112-release-b06), built on Dec  8 2016 00:54:26 by "builder" with MS VC++ 10.0 (VS2010)

time: Fri Sep 08 15:16:08 2017
elapsed time: 52 seconds (0d 0h 0m 52s)

