#
# There is insufficient memory for the Java Runtime Environment to continue.
# Native memory allocation (malloc) failed to allocate 2648336 bytes for Chunk::new
# Possible reasons:
#   The system is out of physical RAM or swap space
#   In 32 bit mode, the process size limit was hit
# Possible solutions:
#   Reduce memory load on the system
#   Increase physical memory or swap space
#   Check if swap backing store is full
#   Use 64 bit Java on a 64 bit OS
#   Decrease Java heap size (-Xmx/-Xms)
#   Decrease number of Java threads
#   Decrease Java thread stack sizes (-Xss)
#   Set larger code cache with -XX:ReservedCodeCacheSize=
# This output file may be truncated or incomplete.
#
#  Out of Memory Error (allocation.cpp:390), pid=1348, tid=0x0000000000001f28
#
# JRE version: OpenJDK Runtime Environment (8.0_112-b06) (build 1.8.0_112-release-b06)
# Java VM: OpenJDK 64-Bit Server VM (25.112-b06 mixed mode windows-amd64 compressed oops)
# Failed to write core dump. Minidumps are not enabled by default on client versions of Windows
#

---------------  T H R E A D  ---------------

Current thread (0x0000000025c5a800):  JavaThread "C2 CompilerThread0" daemon [_thread_in_native, id=7976, stack(0x00000000272a0000,0x00000000273a0000)]

Stack: [0x00000000272a0000,0x00000000273a0000]
[error occurred during error reporting (printing stack bounds), id 0xc0000005]

Native frames: (J=compiled Java code, j=interpreted, Vv=VM code, C=native code)


Current CompileTask:
C2:  18387 2816   !   4       com.android.dx.dex.cf.CfTranslator::processMethods (583 bytes)


---------------  P R O C E S S  ---------------

Java Threads: ( => current thread )
  0x0000000027965800 JavaThread "pool-2-thread-4" [_thread_blocked, id=8920, stack(0x0000000029770000,0x0000000029870000)]
  0x0000000027c9e000 JavaThread "pool-2-thread-3" [_thread_blocked, id=812, stack(0x0000000029670000,0x0000000029770000)]
  0x0000000027eec000 JavaThread "pool-2-thread-2" [_thread_blocked, id=104, stack(0x0000000029570000,0x0000000029670000)]
  0x0000000027eeb000 JavaThread "pool-3-thread-1" [_thread_blocked, id=11660, stack(0x0000000029470000,0x0000000029570000)]
  0x0000000027e57000 JavaThread "pool-2-thread-1" [_thread_blocked, id=11640, stack(0x0000000029370000,0x0000000029470000)]
  0x00000000275c8800 JavaThread "Service Thread" daemon [_thread_blocked, id=2468, stack(0x00000000279a0000,0x0000000027aa0000)]
  0x0000000025c4f000 JavaThread "C1 CompilerThread2" daemon [_thread_blocked, id=7352, stack(0x00000000274a0000,0x00000000275a0000)]
  0x0000000025c5d800 JavaThread "C2 CompilerThread1" daemon [_thread_in_native, id=11196, stack(0x00000000273a0000,0x00000000274a0000)]
=>0x0000000025c5a800 JavaThread "C2 CompilerThread0" daemon [_thread_in_native, id=7976, stack(0x00000000272a0000,0x00000000273a0000)]
  0x0000000025c59000 JavaThread "Attach Listener" daemon [_thread_blocked, id=12000, stack(0x00000000271a0000,0x00000000272a0000)]
  0x0000000025c58000 JavaThread "Signal Dispatcher" daemon [_thread_blocked, id=1940, stack(0x00000000270a0000,0x00000000271a0000)]
  0x000000000302c000 JavaThread "Finalizer" daemon [_thread_blocked, id=2364, stack(0x0000000026ea0000,0x0000000026fa0000)]
  0x0000000003021000 JavaThread "Reference Handler" daemon [_thread_blocked, id=13552, stack(0x0000000026da0000,0x0000000026ea0000)]
  0x0000000002dbe000 JavaThread "main" [_thread_in_Java, id=9052, stack(0x0000000002e30000,0x0000000002f30000)]

Other Threads:
  0x0000000025c16800 VMThread [stack: 0x0000000026ca0000,0x0000000026da0000] [id=6836]
  0x0000000025cad800 WatcherThread [stack: 0x0000000027aa0000,0x0000000027ba0000] [id=2960]

VM state:not at safepoint (normal execution)

VM Mutex/Monitor currently owned by a thread: None

Heap:
 PSYoungGen      total 745472K, used 492195K [0x0000000715580000, 0x0000000756200000, 0x00000007c0000000)
  eden space 623616K, 59% used [0x0000000715580000,0x000000072bf2d790,0x000000073b680000)
  from space 121856K, 99% used [0x000000073b680000,0x0000000742d7b828,0x0000000742d80000)
  to   space 169472K, 0% used [0x000000074bc80000,0x000000074bc80000,0x0000000756200000)
 ParOldGen       total 498688K, used 369176K [0x00000005c0000000, 0x00000005de700000, 0x0000000715580000)
  object space 498688K, 74% used [0x00000005c0000000,0x00000005d6886010,0x00000005de700000)
 Metaspace       used 6606K, capacity 7282K, committed 7552K, reserved 1056768K
  class space    used 600K, capacity 618K, committed 640K, reserved 1048576K

Card table byte_map: [0x00000000123f0000,0x0000000013400000] byte_map_base: 0x000000000f5f0000

Marking Bits: (ParMarkBitMap*) 0x000000006cea18f0
 Begin Bits: [0x00000000142b0000, 0x000000001c2b0000)
 End Bits:   [0x000000001c2b0000, 0x00000000242b0000)

Polling page: 0x0000000000bf0000

CodeCache: size=245760Kb used=11876Kb max_used=11876Kb free=233883Kb
 bounds [0x0000000003030000, 0x0000000003c30000, 0x0000000012030000]
 total_blobs=2646 nmethods=2377 adapters=182
 compilation: enabled

Compilation events (10 events):
Event: 17.962 Thread 0x0000000025c4f000 2830       3       com.android.dx.dex.code.RopTranslator$TranslationVisitor::visitThrowingInsn (118 bytes)
Event: 17.963 Thread 0x0000000025c4f000 nmethod 2830 0x00000000032ecd90 code [0x00000000032ed0a0, 0x00000000032ee9e8]
Event: 17.963 Thread 0x0000000025c4f000 2831       3       java.util.concurrent.locks.ReentrantLock$NonfairSync::lock (25 bytes)
Event: 17.964 Thread 0x0000000025c4f000 nmethod 2831 0x00000000033b4790 code [0x00000000033b4960, 0x00000000033b51b8]
Event: 17.974 Thread 0x0000000025c4f000 2832       3       com.android.dx.ssa.back.FirstFitLocalCombiningAllocator$Alignment$2::nextClearBit (26 bytes)
Event: 17.975 Thread 0x0000000025c4f000 nmethod 2832 0x000000000327f950 code [0x000000000327fae0, 0x000000000327fe98]
Event: 18.209 Thread 0x0000000025c4f000 2838       3       com.android.dx.ssa.SCCP::simulateStmt (481 bytes)
Event: 18.210 Thread 0x0000000025c4f000 nmethod 2838 0x0000000003843350 code [0x0000000003843680, 0x0000000003845658]
Event: 18.231 Thread 0x0000000025c4f000 2839       3       com.android.dx.dex.file.ValueEncoder::addContents (75 bytes)
Event: 18.232 Thread 0x0000000025c4f000 nmethod 2839 0x00000000033fe290 code [0x00000000033fe540, 0x00000000033ffbd8]

GC Heap History (10 events):
Event: 10.679 GC heap before
{Heap before GC invocations=12 (full 2):
 PSYoungGen      total 553984K, used 515012K [0x0000000715580000, 0x0000000744b80000, 0x00000007c0000000)
  eden space 495104K, 100% used [0x0000000715580000,0x0000000733900000,0x0000000733900000)
  from space 58880K, 33% used [0x0000000733900000,0x0000000734c710f8,0x0000000737280000)
  to   space 87040K, 0% used [0x000000073f680000,0x000000073f680000,0x0000000744b80000)
 ParOldGen       total 296960K, used 163401K [0x00000005c0000000, 0x00000005d2200000, 0x0000000715580000)
  object space 296960K, 55% used [0x00000005c0000000,0x00000005c9f92678,0x00000005d2200000)
 Metaspace       used 6584K, capacity 7282K, committed 7552K, reserved 1056768K
  class space    used 599K, capacity 618K, committed 640K, reserved 1048576K
Event: 10.821 GC heap after
Heap after GC invocations=12 (full 2):
 PSYoungGen      total 639488K, used 87037K [0x0000000715580000, 0x0000000744b80000, 0x00000007c0000000)
  eden space 552448K, 0% used [0x0000000715580000,0x0000000715580000,0x0000000737100000)
  from space 87040K, 99% used [0x000000073f680000,0x0000000744b7f430,0x0000000744b80000)
  to   space 104960K, 0% used [0x0000000737e80000,0x0000000737e80000,0x000000073e500000)
 ParOldGen       total 296960K, used 170813K [0x00000005c0000000, 0x00000005d2200000, 0x0000000715580000)
  object space 296960K, 57% used [0x00000005c0000000,0x00000005ca6cf420,0x00000005d2200000)
 Metaspace       used 6584K, capacity 7282K, committed 7552K, reserved 1056768K
  class space    used 599K, capacity 618K, committed 640K, reserved 1048576K
}
Event: 11.795 GC heap before
{Heap before GC invocations=13 (full 2):
 PSYoungGen      total 639488K, used 639485K [0x0000000715580000, 0x0000000744b80000, 0x00000007c0000000)
  eden space 552448K, 100% used [0x0000000715580000,0x0000000737100000,0x0000000737100000)
  from space 87040K, 99% used [0x000000073f680000,0x0000000744b7f430,0x0000000744b80000)
  to   space 104960K, 0% used [0x0000000737e80000,0x0000000737e80000,0x000000073e500000)
 ParOldGen       total 296960K, used 170813K [0x00000005c0000000, 0x00000005d2200000, 0x0000000715580000)
  object space 296960K, 57% used [0x00000005c0000000,0x00000005ca6cf420,0x00000005d2200000)
 Metaspace       used 6594K, capacity 7282K, committed 7552K, reserved 1056768K
  class space    used 600K, capacity 618K, committed 640K, reserved 1048576K
Event: 12.025 GC heap after
Heap after GC invocations=13 (full 2):
 PSYoungGen      total 671232K, used 60162K [0x0000000715580000, 0x0000000749600000, 0x00000007c0000000)
  eden space 566272K, 0% used [0x0000000715580000,0x0000000715580000,0x0000000737e80000)
  from space 104960K, 57% used [0x0000000737e80000,0x000000073b940880,0x000000073e500000)
  to   space 107008K, 0% used [0x0000000742d80000,0x0000000742d80000,0x0000000749600000)
 ParOldGen       total 296960K, used 257316K [0x00000005c0000000, 0x00000005d2200000, 0x0000000715580000)
  object space 296960K, 86% used [0x00000005c0000000,0x00000005cfb49310,0x00000005d2200000)
 Metaspace       used 6594K, capacity 7282K, committed 7552K, reserved 1056768K
  class space    used 600K, capacity 618K, committed 640K, reserved 1048576K
}
Event: 12.026 GC heap before
{Heap before GC invocations=14 (full 3):
 PSYoungGen      total 671232K, used 60162K [0x0000000715580000, 0x0000000749600000, 0x00000007c0000000)
  eden space 566272K, 0% used [0x0000000715580000,0x0000000715580000,0x0000000737e80000)
  from space 104960K, 57% used [0x0000000737e80000,0x000000073b940880,0x000000073e500000)
  to   space 107008K, 0% used [0x0000000742d80000,0x0000000742d80000,0x0000000749600000)
 ParOldGen       total 296960K, used 257316K [0x00000005c0000000, 0x00000005d2200000, 0x0000000715580000)
  object space 296960K, 86% used [0x00000005c0000000,0x00000005cfb49310,0x00000005d2200000)
 Metaspace       used 6594K, capacity 7282K, committed 7552K, reserved 1056768K
  class space    used 600K, capacity 618K, committed 640K, reserved 1048576K
Event: 13.560 GC heap after
Heap after GC invocations=14 (full 3):
 PSYoungGen      total 671232K, used 8722K [0x0000000715580000, 0x0000000749600000, 0x00000007c0000000)
  eden space 566272K, 0% used [0x0000000715580000,0x0000000715580000,0x0000000737e80000)
  from space 104960K, 8% used [0x0000000737e80000,0x0000000738704ac0,0x000000073e500000)
  to   space 107008K, 0% used [0x0000000742d80000,0x0000000742d80000,0x0000000749600000)
 ParOldGen       total 498688K, used 296626K [0x00000005c0000000, 0x00000005de700000, 0x0000000715580000)
  object space 498688K, 59% used [0x00000005c0000000,0x00000005d21aca10,0x00000005de700000)
 Metaspace       used 6594K, capacity 7282K, committed 7552K, reserved 1056768K
  class space    used 600K, capacity 618K, committed 640K, reserved 1048576K
}
Event: 15.449 GC heap before
{Heap before GC invocations=15 (full 3):
 PSYoungGen      total 671232K, used 574994K [0x0000000715580000, 0x0000000749600000, 0x00000007c0000000)
  eden space 566272K, 100% used [0x0000000715580000,0x0000000737e80000,0x0000000737e80000)
  from space 104960K, 8% used [0x0000000737e80000,0x0000000738704ac0,0x000000073e500000)
  to   space 107008K, 0% used [0x0000000742d80000,0x0000000742d80000,0x0000000749600000)
 ParOldGen       total 498688K, used 296626K [0x00000005c0000000, 0x00000005de700000, 0x0000000715580000)
  object space 498688K, 59% used [0x00000005c0000000,0x00000005d21aca10,0x00000005de700000)
 Metaspace       used 6603K, capacity 7282K, committed 7552K, reserved 1056768K
  class space    used 600K, capacity 618K, committed 640K, reserved 1048576K
Event: 15.660 GC heap after
Heap after GC invocations=15 (full 3):
 PSYoungGen      total 730624K, used 97114K [0x0000000715580000, 0x000000074b780000, 0x00000007c0000000)
  eden space 623616K, 0% used [0x0000000715580000,0x0000000715580000,0x000000073b680000)
  from space 107008K, 90% used [0x0000000742d80000,0x0000000748c56bf0,0x0000000749600000)
  to   space 121856K, 0% used [0x000000073b680000,0x000000073b680000,0x0000000742d80000)
 ParOldGen       total 498688K, used 296626K [0x00000005c0000000, 0x00000005de700000, 0x0000000715580000)
  object space 498688K, 59% used [0x00000005c0000000,0x00000005d21aca10,0x00000005de700000)
 Metaspace       used 6603K, capacity 7282K, committed 7552K, reserved 1056768K
  class space    used 600K, capacity 618K, committed 640K, reserved 1048576K
}
Event: 17.092 GC heap before
{Heap before GC invocations=16 (full 3):
 PSYoungGen      total 730624K, used 720730K [0x0000000715580000, 0x000000074b780000, 0x00000007c0000000)
  eden space 623616K, 100% used [0x0000000715580000,0x000000073b680000,0x000000073b680000)
  from space 107008K, 90% used [0x0000000742d80000,0x0000000748c56bf0,0x0000000749600000)
  to   space 121856K, 0% used [0x000000073b680000,0x000000073b680000,0x0000000742d80000)
 ParOldGen       total 498688K, used 296626K [0x00000005c0000000, 0x00000005de700000, 0x0000000715580000)
  object space 498688K, 59% used [0x00000005c0000000,0x00000005d21aca10,0x00000005de700000)
 Metaspace       used 6605K, capacity 7282K, committed 7552K, reserved 1056768K
  class space    used 600K, capacity 618K, committed 640K, reserved 1048576K
Event: 17.379 GC heap after
Heap after GC invocations=16 (full 3):
 PSYoungGen      total 745472K, used 121838K [0x0000000715580000, 0x0000000756200000, 0x00000007c0000000)
  eden space 623616K, 0% used [0x0000000715580000,0x0000000715580000,0x000000073b680000)
  from space 121856K, 99% used [0x000000073b680000,0x0000000742d7b828,0x0000000742d80000)
  to   space 169472K, 0% used [0x000000074bc80000,0x000000074bc80000,0x0000000756200000)
 ParOldGen       total 498688K, used 369176K [0x00000005c0000000, 0x00000005de700000, 0x0000000715580000)
  object space 498688K, 74% used [0x00000005c0000000,0x00000005d6886010,0x00000005de700000)
 Metaspace       used 6605K, capacity 7282K, committed 7552K, reserved 1056768K
  class space    used 600K, capacity 618K, committed 640K, reserved 1048576K
}

Deoptimization events (10 events):
Event: 14.279 Thread 0x0000000027e57000 Uncommon trap: reason=unstable_if action=reinterpret pc=0x000000000356ff80 method=com.android.dx.ssa.SsaMethod.getExitBlock()Lcom/android/dx/ssa/SsaBasicBlock; @ 4
Event: 14.279 Thread 0x0000000027e57000 Uncommon trap: reason=unstable_if action=reinterpret pc=0x0000000003a3e384 method=com.android.dx.ssa.SsaMethod.getExitBlock()Lcom/android/dx/ssa/SsaBasicBlock; @ 4
Event: 14.280 Thread 0x0000000027e57000 Uncommon trap: reason=unstable_if action=reinterpret pc=0x000000000398d574 method=com.android.dx.ssa.SsaMethod.getExitBlock()Lcom/android/dx/ssa/SsaBasicBlock; @ 4
Event: 14.565 Thread 0x0000000027eec000 Uncommon trap: reason=unstable_if action=reinterpret pc=0x0000000003230894 method=com.android.dx.dex.code.OutputFinisher.hasLocalInfo(Lcom/android/dx/dex/code/DalvInsn;)Z @ 24
Event: 15.995 Thread 0x0000000027eec000 Uncommon trap: reason=unstable_if action=reinterpret pc=0x00000000033c8b0c method=java.util.HashMap$TreeNode.find(ILjava/lang/Object;Ljava/lang/Class;)Ljava/util/HashMap$TreeNode; @ 102
Event: 16.249 Thread 0x0000000027965800 Uncommon trap: reason=unstable_if action=reinterpret pc=0x00000000037ad270 method=java.util.HashMap.putVal(ILjava/lang/Object;Ljava/lang/Object;ZZ)Ljava/lang/Object; @ 109
Event: 16.602 Thread 0x0000000027965800 Uncommon trap: reason=unstable_if action=reinterpret pc=0x0000000003b273b4 method=com.android.dx.cf.code.Ropper.processBlock(Lcom/android/dx/cf/code/ByteBlock;Lcom/android/dx/cf/code/Frame;[I)V @ 791
Event: 16.851 Thread 0x0000000027965800 Uncommon trap: reason=bimorphic action=maybe_recompile pc=0x0000000003c0d07c method=com.android.dx.cf.code.BytecodeArray.parseInstruction(ILcom/android/dx/cf/code/BytecodeArray$Visitor;)I @ 1477
Event: 16.851 Thread 0x0000000027965800 Uncommon trap: reason=bimorphic action=maybe_recompile pc=0x0000000003c0d07c method=com.android.dx.cf.code.BytecodeArray.parseInstruction(ILcom/android/dx/cf/code/BytecodeArray$Visitor;)I @ 1477
Event: 18.208 Thread 0x0000000027eec000 Uncommon trap: reason=unstable_if action=reinterpret pc=0x00000000032d0cd4 method=com.android.dx.ssa.SCCP.simulateStmt(Lcom/android/dx/ssa/SsaInsn;)V @ 435

Internal exceptions (9 events):
Event: 0.035 Thread 0x0000000002dbe000 Exception <a 'java/lang/NoSuchMethodError': Method sun.misc.Unsafe.defineClass(Ljava/lang/String;[BII)Ljava/lang/Class; name or signature does not match> (0x0000000715587c78) thrown at [C:\src\android\AOSP-openjdk\external\jetbrains\jdk\hotspot\src\share\v™!Í…ËÔ¡?
Event: 0.035 Thread 0x0000000002dbe000 Exception <a 'java/lang/NoSuchMethodError': Method sun.misc.Unsafe.prefetchRead(Ljava/lang/Object;J)V name or signature does not match> (0x0000000715587f60) thrown at [C:\src\android\AOSP-openjdk\external\jetbrains\jdk\hotspot\src\share\vm\prims\jni.cpp, l—À/N4!í?
Event: 0.910 Thread 0x0000000027e57000 Implicit null exception at 0x00000000033dbb24 to 0x00000000033def0d
Event: 1.283 Thread 0x0000000027e57000 Implicit null exception at 0x0000000003504de2 to 0x0000000003504ee2
Event: 1.747 Thread 0x0000000027c9e000 Exception <a 'java/lang/ArrayIndexOutOfBoundsException': 18> (0x00000007174bd3f0) thrown at [C:\src\android\AOSP-openjdk\external\jetbrains\jdk\hotspot\src\share\vm\interpreter\interpreterRuntime.cpp, line 366]
Event: 1.748 Thread 0x0000000027c9e000 Exception <a 'java/lang/ArrayIndexOutOfBoundsException': 145> (0x0000000717d1d7c0) thrown at [C:\src\android\AOSP-openjdk\external\jetbrains\jdk\hotspot\src\share\vm\interpreter\interpreterRuntime.cpp, line 366]
Event: 1.749 Thread 0x0000000027c9e000 Exception <a 'java/lang/ArrayIndexOutOfBoundsException'> (0x0000000717d1eaa8) thrown at [C:\src\android\AOSP-openjdk\external\jetbrains\jdk\hotspot\src\share\vm\runtime\sharedRuntime.cpp, line 605]
Event: 11.623 Thread 0x0000000002dbe000 Implicit null exception at 0x00000000031a9a94 to 0x00000000031aa441
Event: 14.018 Thread 0x0000000027c9e000 Implicit null exception at 0x00000000036f5132 to 0x00000000036f68d5

Events (10 events):
Event: 17.020 Thread 0x0000000025c4f000 flushing nmethod 0x0000000003708710
Event: 17.020 Thread 0x0000000025c4f000 flushing nmethod 0x0000000003744cd0
Event: 17.020 Thread 0x0000000025c4f000 flushing nmethod 0x0000000003758d10
Event: 17.043 Thread 0x0000000025c4f000 flushing nmethod 0x00000000037a6c90
Event: 17.043 Thread 0x0000000025c4f000 flushing nmethod 0x00000000037a8750
Event: 17.091 Executing VM operation: ParallelGCFailedAllocation
Event: 17.379 Executing VM operation: ParallelGCFailedAllocation done
Event: 18.208 Thread 0x0000000027eec000 Uncommon trap: trap_request=0xffffff65 fr.pc=0x00000000032d0cd4
Event: 18.208 Thread 0x0000000027eec000 DEOPT PACKING pc=0x00000000032d0cd4 sp=0x000000002966e8a0
Event: 18.208 Thread 0x0000000027eec000 DEOPT UNPACKING pc=0x000000000307556a sp=0x000000002966e818 mode 2


Dynamic libraries:
0x00007ff7a76b0000 - 0x00007ff7a76e1000 	C:\Program Files\Android\Android Studio\jre\bin\java.exe
0x00007fffd93d0000 - 0x00007fffd95ab000 	C:\WINDOWS\SYSTEM32\ntdll.dll
0x00007fffd8910000 - 0x00007fffd89be000 	C:\WINDOWS\System32\KERNEL32.DLL
0x00007fffd5ae0000 - 0x00007fffd5d29000 	C:\WINDOWS\System32\KERNELBASE.dll
0x00007fffd9210000 - 0x00007fffd92b1000 	C:\WINDOWS\System32\ADVAPI32.dll
0x00007fffd90b0000 - 0x00007fffd914d000 	C:\WINDOWS\System32\msvcrt.dll
0x00007fffd8b60000 - 0x00007fffd8bb9000 	C:\WINDOWS\System32\sechost.dll
0x00007fffd7100000 - 0x00007fffd7225000 	C:\WINDOWS\System32\RPCRT4.dll
0x00007fffd87c0000 - 0x00007fffd890a000 	C:\WINDOWS\System32\USER32.dll
0x00007fffd5e50000 - 0x00007fffd5e6e000 	C:\WINDOWS\System32\win32u.dll
0x00007fffd8e50000 - 0x00007fffd8e77000 	C:\WINDOWS\System32\GDI32.dll
0x00007fffd58f0000 - 0x00007fffd5a78000 	C:\WINDOWS\System32\gdi32full.dll
0x00007fffd5e70000 - 0x00007fffd5f0a000 	C:\WINDOWS\System32\msvcp_win.dll
0x00007fffd6830000 - 0x00007fffd6926000 	C:\WINDOWS\System32\ucrtbase.dll
0x00007fffc3160000 - 0x00007fffc33c7000 	C:\WINDOWS\WinSxS\amd64_microsoft.windows.common-controls_6595b64144ccf1df_6.0.15063.483_none_26002d27e7c744a2\COMCTL32.dll
0x00007fffd6990000 - 0x00007fffd6c89000 	C:\WINDOWS\System32\combase.dll
0x00007fffd5de0000 - 0x00007fffd5e4a000 	C:\WINDOWS\System32\bcryptPrimitives.dll
0x00007fffd6c90000 - 0x00007fffd6cbd000 	C:\WINDOWS\System32\IMM32.DLL
0x000000006e660000 - 0x000000006e732000 	C:\Program Files\Android\Android Studio\jre\jre\bin\msvcr100.dll
0x000000006c6e0000 - 0x000000006cf1c000 	C:\Program Files\Android\Android Studio\jre\jre\bin\server\jvm.dll
0x00007fffd92d0000 - 0x00007fffd92d8000 	C:\WINDOWS\System32\PSAPI.DLL
0x00007fffcf750000 - 0x00007fffcf75a000 	C:\WINDOWS\SYSTEM32\VERSION.dll
0x00007fffbb4a0000 - 0x00007fffbb4a9000 	C:\WINDOWS\SYSTEM32\WSOCK32.dll
0x00007fffc2ec0000 - 0x00007fffc2ee3000 	C:\WINDOWS\SYSTEM32\WINMM.dll
0x00007fffd9360000 - 0x00007fffd93cc000 	C:\WINDOWS\System32\WS2_32.dll
0x00007fffc2d40000 - 0x00007fffc2d6b000 	C:\WINDOWS\SYSTEM32\winmmbase.dll
0x00007fffd5f10000 - 0x00007fffd5f59000 	C:\WINDOWS\System32\cfgmgr32.dll
0x00007fffb5f10000 - 0x00007fffb5f1f000 	C:\Program Files\Android\Android Studio\jre\jre\bin\verify.dll
0x00007fffa2b70000 - 0x00007fffa2b99000 	C:\Program Files\Android\Android Studio\jre\jre\bin\java.dll
0x00007fffa3b00000 - 0x00007fffa3b16000 	C:\Program Files\Android\Android Studio\jre\jre\bin\zip.dll
0x00007fffd7380000 - 0x00007fffd87b6000 	C:\WINDOWS\System32\SHELL32.dll
0x00007fffd8e90000 - 0x00007fffd8f3a000 	C:\WINDOWS\System32\shcore.dll
0x00007fffd5f60000 - 0x00007fffd6653000 	C:\WINDOWS\System32\windows.storage.dll
0x00007fffd8c60000 - 0x00007fffd8cb1000 	C:\WINDOWS\System32\shlwapi.dll
0x00007fffd58d0000 - 0x00007fffd58e1000 	C:\WINDOWS\System32\kernel.appcore.dll
0x00007fffd5860000 - 0x00007fffd58ac000 	C:\WINDOWS\System32\powrprof.dll
0x00007fffd5840000 - 0x00007fffd5855000 	C:\WINDOWS\System32\profapi.dll

VM Arguments:
jvm_args: -Djava.awt.headless=true -Xmx8g -Dfile.encoding=windows-1252 -Duser.country=SE -Duser.language=sv -Duser.variant 
java_command: com.android.dx.command.Main --dex --num-threads=4 --multi-dex --main-dex-list C:\Users\pontu\Documents\portcdm-mobile-app\App\android\app\build\intermediates\multi-dex\release\maindexlist.txt --output C:\Users\pontu\Documents\portcdm-mobile-app\App\android\app\build\intermediates\transforms\dex\release\folders\1000\1f\main C:\Users\pontu\Documents\portcdm-mobile-app\App\android\app\build\intermediates\transforms\jarMerging\release\jars\1\1f\combined.jar
java_class_path (initial): C:\Users\pontu\AppData\Local\Android\Sdk\build-tools\25.0.2\lib\dx.jar
Launcher Type: SUN_STANDARD

Environment Variables:
JAVA_HOME=C:\Program Files (x86)\Java\jdk1.8.0_131
PATH=C:\ProgramData\Oracle\Java\javapath;C:\Program Files (x86)\Intel\iCLS Client\;C:\Program Files\Intel\iCLS Client\;C:\Windows\system32;C:\Windows;C:\Windows\System32\Wbem;C:\Windows\System32\WindowsPowerShell\v1.0\;C:\Program Files (x86)\Intel\Intel(R) Management Engine Components\DAL;C:\Program Files\Intel\Intel(R) Management Engine Components\DAL;C:\Program Files (x86)\Intel\Intel(R) Management Engine Components\IPT;C:\Program Files\Intel\Intel(R) Management Engine Components\IPT;C:\Program Files (x86)\NVIDIA Corporation\PhysX\Common;C:\Program Files\erl8.0\bin;C:\Users\pontu\Documents\Programmering\Haskell\ghc-7.10.3\bin;C:\Program Files\Git\cmd;C:\Program Files (x86)\Windows Live\Shared;C:\Program Files (x86)\GtkSharp\2.12\bin;C:\WINDOWS\system32\config\systemprofile\.dnx\bin;C:\Program Files\Microsoft DNX\Dnvm\;C:\Program Files\Microsoft SQL Server\130\Tools\Binn\;C:\MinGW\bin;C:\WINDOWS\system32;C:\WINDOWS;C:\WINDOWS\System32\Wbem;C:\Program Files\PostgreSQL\9.6\bin;C:\Program Files (x86)\Microsoft SQL Server\Client SDK\ODBC\130\Tools\Binn\;C:\Program Files (x86)\Microsoft SQL Server\130\Tools\Binn\;C:\Program Files (x86)\Microsoft SQL Server\130\DTS\Binn\;C:\Program Files (x86)\Microsoft SQL Server\130\Tools\Binn\ManagementStudio\;C:\Program Files (x86)\Skype\Phone\;C:\Program Files\dotnet\;C:\WINDOWS\System32\WindowsPowerShell\v1.0\;C:\Program Files\Maven\apache-maven-3.5.0\bin;C:\Program Files\OpenVPN\bin;C:\Program Files\PuTTY\;C:\Program Files\nodejs\;C:\Program Files (x86)\Android\android-sdk\platform-tools;C:\Users\pontu\Documents\Programmering\cmd;C:\Users\pontu\AppData\Local\Microsoft\WindowsApps;;C:\Users\pontu\AppData\Roaming\npm;C:\Program Files\Microsoft VS Code\bin
USERNAME=pontu
OS=Windows_NT
PROCESSOR_IDENTIFIER=Intel64 Family 6 Model 78 Stepping 3, GenuineIntel



---------------  S Y S T E M  ---------------

OS: Windows 10.0 , 64 bit Build 15063 (10.0.15063.296)

CPU:total 4 (2 cores per cpu, 2 threads per core) family 6 model 78 stepping 3, cmov, cx8, fxsr, mmx, sse, sse2, sse3, ssse3, sse4.1, sse4.2, popcnt, avx, avx2, aes, clmul, erms, 3dnowpref, lzcnt, ht, tsc, tscinvbit, bmi1, bmi2, adx

Memory: 4k page, physical 8251996k(1103552k free), swap 8251996k(8188k free)

vm_info: OpenJDK 64-Bit Server VM (25.112-b06) for windows-amd64 JRE (1.8.0_112-release-b06), built on Dec  8 2016 00:54:26 by "builder" with MS VC++ 10.0 (VS2010)

time: Thu Sep 14 15:35:58 2017
elapsed time: 18 seconds (0d 0h 0m 18s)

