#
# There is insufficient memory for the Java Runtime Environment to continue.
# Native memory allocation (malloc) failed to allocate 2391536 bytes for Chunk::new
# Possible reasons:
#   The system is out of physical RAM or swap space
#   In 32 bit mode, the process size limit was hit
# Possible solutions:
#   Reduce memory load on the system
#   Increase physical memory or swap space
#   Check if swap backing store is full
#   Use 64 bit Java on a 64 bit OS
#   Decrease Java heap size (-Xmx/-Xms)
#   Decrease number of Java threads
#   Decrease Java thread stack sizes (-Xss)
#   Set larger code cache with -XX:ReservedCodeCacheSize=
# This output file may be truncated or incomplete.
#
#  Out of Memory Error (allocation.cpp:390), pid=12460, tid=0x0000000000003bc4
#
# JRE version: OpenJDK Runtime Environment (8.0_112-b06) (build 1.8.0_112-release-b06)
# Java VM: OpenJDK 64-Bit Server VM (25.112-b06 mixed mode windows-amd64 compressed oops)
# Failed to write core dump. Minidumps are not enabled by default on client versions of Windows
#

---------------  T H R E A D  ---------------

Current thread (0x0000000025919000):  JavaThread "C2 CompilerThread0" daemon [_thread_in_native, id=15300, stack(0x0000000027060000,0x0000000027160000)]

Stack: [0x0000000027060000,0x0000000027160000]
[error occurred during error reporting (printing stack bounds), id 0xc0000005]

Native frames: (J=compiled Java code, j=interpreted, Vv=VM code, C=native code)


Current CompileTask:
C2:  38330 3219       4       com.android.dx.ssa.back.FirstFitLocalCombiningAllocator::allocateRegisters (37 bytes)


---------------  P R O C E S S  ---------------

Java Threads: ( => current thread )
  0x0000000028736800 JavaThread "pool-1-thread-1" [_thread_in_Java, id=12740, stack(0x000000002a600000,0x000000002a700000)]
  0x0000000027d16800 JavaThread "pool-2-thread-4" [_thread_in_Java, id=10804, stack(0x0000000029530000,0x0000000029630000)]
  0x0000000027d15800 JavaThread "pool-2-thread-3" [_thread_in_Java, id=14008, stack(0x0000000029430000,0x0000000029530000)]
  0x0000000027d15000 JavaThread "pool-2-thread-2" [_thread_in_Java, id=5108, stack(0x0000000029330000,0x0000000029430000)]
  0x0000000027d14000 JavaThread "pool-3-thread-1" [_thread_blocked, id=13804, stack(0x0000000029230000,0x0000000029330000)]
  0x0000000027bbd000 JavaThread "pool-2-thread-1" [_thread_in_Java, id=12704, stack(0x0000000029130000,0x0000000029230000)]
  0x0000000027388800 JavaThread "Service Thread" daemon [_thread_blocked, id=3636, stack(0x0000000027760000,0x0000000027860000)]
  0x000000002590e800 JavaThread "C1 CompilerThread2" daemon [_thread_blocked, id=3456, stack(0x0000000027260000,0x0000000027360000)]
  0x0000000025909000 JavaThread "C2 CompilerThread1" daemon [_thread_in_native, id=15100, stack(0x0000000027160000,0x0000000027260000)]
=>0x0000000025919000 JavaThread "C2 CompilerThread0" daemon [_thread_in_native, id=15300, stack(0x0000000027060000,0x0000000027160000)]
  0x0000000025917800 JavaThread "Attach Listener" daemon [_thread_blocked, id=428, stack(0x0000000026f60000,0x0000000027060000)]
  0x0000000025916800 JavaThread "Signal Dispatcher" daemon [_thread_blocked, id=10576, stack(0x0000000026e60000,0x0000000026f60000)]
  0x0000000002cec000 JavaThread "Finalizer" daemon [_thread_blocked, id=10556, stack(0x0000000026b70000,0x0000000026c70000)]
  0x0000000002ce1000 JavaThread "Reference Handler" daemon [_thread_blocked, id=10672, stack(0x0000000026a70000,0x0000000026b70000)]
  0x000000000123e000 JavaThread "main" [_thread_in_Java, id=556, stack(0x0000000002af0000,0x0000000002bf0000)]

Other Threads:
  0x00000000258d4800 VMThread [stack: 0x0000000026970000,0x0000000026a70000] [id=14596]
  0x000000002596c800 WatcherThread [stack: 0x0000000027860000,0x0000000027960000] [id=10824]

VM state:not at safepoint (normal execution)

VM Mutex/Monitor currently owned by a thread: None

Heap:
 PSYoungGen      total 737792K, used 538189K [0x0000000715580000, 0x000000074df80000, 0x00000007c0000000)
  eden space 544256K, 98% used [0x0000000715580000,0x0000000736313528,0x0000000736900000)
  from space 193536K, 0% used [0x0000000742080000,0x0000000742080000,0x000000074dd80000)
  to   space 187904K, 0% used [0x0000000736900000,0x0000000736900000,0x0000000742080000)
 ParOldGen       total 509952K, used 509753K [0x00000005c0000000, 0x00000005df200000, 0x0000000715580000)
  object space 509952K, 99% used [0x00000005c0000000,0x00000005df1ce5a8,0x00000005df200000)
 Metaspace       used 6693K, capacity 7348K, committed 7552K, reserved 1056768K
  class space    used 604K, capacity 620K, committed 640K, reserved 1048576K

Card table byte_map: [0x00000000120b0000,0x00000000130c0000] byte_map_base: 0x000000000f2b0000

Marking Bits: (ParMarkBitMap*) 0x0000000077f818f0
 Begin Bits: [0x0000000013f70000, 0x000000001bf70000)
 End Bits:   [0x000000001bf70000, 0x0000000023f70000)

Polling page: 0x0000000001220000

CodeCache: size=245760Kb used=10875Kb max_used=15035Kb free=234884Kb
 bounds [0x0000000002cf0000, 0x0000000003bd0000, 0x0000000011cf0000]
 total_blobs=2611 nmethods=2342 adapters=182
 compilation: enabled

Compilation events (10 events):
Event: 37.902 Thread 0x000000002590e800 3241       3       com.android.dx.dex.file.ClassDataItem::addContents (207 bytes)
Event: 37.905 Thread 0x000000002590e800 nmethod 3241 0x00000000031a93d0 code [0x00000000031a9800, 0x00000000031ac198]
Event: 38.059 Thread 0x000000002590e800 3244       3       java.util.ComparableTimSort::gallopRight (327 bytes)
Event: 38.060 Thread 0x000000002590e800 nmethod 3244 0x0000000003330fd0 code [0x00000000033311c0, 0x0000000003331c98]
Event: 38.077 Thread 0x000000002590e800 3245       3       java.util.ComparableTimSort::gallopLeft (327 bytes)
Event: 38.079 Thread 0x000000002590e800 nmethod 3245 0x000000000386c850 code [0x000000000386ca40, 0x000000000386d4f8]
Event: 38.301 Thread 0x000000002590e800 3249       2       java.util.ComparableTimSort::mergeHi (729 bytes)
Event: 38.303 Thread 0x000000002590e800 nmethod 3249 0x000000000337b4d0 code [0x000000000337b780, 0x000000000337cfb8]
Event: 38.303 Thread 0x000000002590e800 3250       2       java.util.ComparableTimSort::mergeLo (656 bytes)
Event: 38.305 Thread 0x000000002590e800 nmethod 3250 0x0000000003108a10 code [0x0000000003108cc0, 0x000000000310a438]

GC Heap History (10 events):
Event: 22.706 GC heap before
{Heap before GC invocations=16 (full 5):
 PSYoungGen      total 580608K, used 495616K [0x0000000715580000, 0x0000000742e00000, 0x00000007c0000000)
  eden space 495616K, 100% used [0x0000000715580000,0x0000000733980000,0x0000000733980000)
  from space 84992K, 0% used [0x000000073db00000,0x000000073db00000,0x0000000742e00000)
  to   space 57856K, 0% used [0x0000000733980000,0x0000000733980000,0x0000000737200000)
 ParOldGen       total 509952K, used 171761K [0x00000005c0000000, 0x00000005df200000, 0x0000000715580000)
  object space 509952K, 33% used [0x00000005c0000000,0x00000005ca7bc500,0x00000005df200000)
 Metaspace       used 6610K, capacity 7282K, committed 7552K, reserved 1056768K
  class space    used 600K, capacity 618K, committed 640K, reserved 1048576K
Event: 23.039 GC heap after
Heap after GC invocations=16 (full 5):
 PSYoungGen      total 553472K, used 57835K [0x0000000715580000, 0x000000074dd80000, 0x00000007c0000000)
  eden space 495616K, 0% used [0x0000000715580000,0x0000000715580000,0x0000000733980000)
  from space 57856K, 99% used [0x0000000733980000,0x00000007371fadf0,0x0000000737200000)
  to   space 193536K, 0% used [0x0000000742080000,0x0000000742080000,0x000000074dd80000)
 ParOldGen       total 509952K, used 381266K [0x00000005c0000000, 0x00000005df200000, 0x0000000715580000)
  object space 509952K, 74% used [0x00000005c0000000,0x00000005d7454958,0x00000005df200000)
 Metaspace       used 6610K, capacity 7282K, committed 7552K, reserved 1056768K
  class space    used 600K, capacity 618K, committed 640K, reserved 1048576K
}
Event: 24.223 GC heap before
{Heap before GC invocations=17 (full 5):
 PSYoungGen      total 553472K, used 553451K [0x0000000715580000, 0x000000074dd80000, 0x00000007c0000000)
  eden space 495616K, 100% used [0x0000000715580000,0x0000000733980000,0x0000000733980000)
  from space 57856K, 99% used [0x0000000733980000,0x00000007371fadf0,0x0000000737200000)
  to   space 193536K, 0% used [0x0000000742080000,0x0000000742080000,0x000000074dd80000)
 ParOldGen       total 509952K, used 381266K [0x00000005c0000000, 0x00000005df200000, 0x0000000715580000)
  object space 509952K, 74% used [0x00000005c0000000,0x00000005d7454958,0x00000005df200000)
 Metaspace       used 6611K, capacity 7282K, committed 7552K, reserved 1056768K
  class space    used 600K, capacity 618K, committed 640K, reserved 1048576K
Event: 24.454 GC heap after
Heap after GC invocations=17 (full 5):
 PSYoungGen      total 737792K, used 82235K [0x0000000715580000, 0x000000074df80000, 0x00000007c0000000)
  eden space 544256K, 0% used [0x0000000715580000,0x0000000715580000,0x0000000736900000)
  from space 193536K, 42% used [0x0000000742080000,0x00000007470cef90,0x000000074dd80000)
  to   space 187904K, 0% used [0x0000000736900000,0x0000000736900000,0x0000000742080000)
 ParOldGen       total 509952K, used 439229K [0x00000005c0000000, 0x00000005df200000, 0x0000000715580000)
  object space 509952K, 86% used [0x00000005c0000000,0x00000005dacef7b0,0x00000005df200000)
 Metaspace       used 6611K, capacity 7282K, committed 7552K, reserved 1056768K
  class space    used 600K, capacity 618K, committed 640K, reserved 1048576K
}
Event: 24.454 GC heap before
{Heap before GC invocations=18 (full 6):
 PSYoungGen      total 737792K, used 82235K [0x0000000715580000, 0x000000074df80000, 0x00000007c0000000)
  eden space 544256K, 0% used [0x0000000715580000,0x0000000715580000,0x0000000736900000)
  from space 193536K, 42% used [0x0000000742080000,0x00000007470cef90,0x000000074dd80000)
  to   space 187904K, 0% used [0x0000000736900000,0x0000000736900000,0x0000000742080000)
 ParOldGen       total 509952K, used 439229K [0x00000005c0000000, 0x00000005df200000, 0x0000000715580000)
  object space 509952K, 86% used [0x00000005c0000000,0x00000005dacef7b0,0x00000005df200000)
 Metaspace       used 6611K, capacity 7282K, committed 7552K, reserved 1056768K
  class space    used 600K, capacity 618K, committed 640K, reserved 1048576K
Event: 27.859 GC heap after
Heap after GC invocations=18 (full 6):
 PSYoungGen      total 737792K, used 6203K [0x0000000715580000, 0x000000074df80000, 0x00000007c0000000)
  eden space 544256K, 0% used [0x0000000715580000,0x0000000715580000,0x0000000736900000)
  from space 193536K, 3% used [0x0000000742080000,0x000000074268eef8,0x000000074dd80000)
  to   space 187904K, 0% used [0x0000000736900000,0x0000000736900000,0x0000000742080000)
 ParOldGen       total 509952K, used 509753K [0x00000005c0000000, 0x00000005df200000, 0x0000000715580000)
  object space 509952K, 99% used [0x00000005c0000000,0x00000005df1ce4c0,0x00000005df200000)
 Metaspace       used 6611K, capacity 7282K, committed 7552K, reserved 1056768K
  class space    used 600K, capacity 618K, committed 640K, reserved 1048576K
}
Event: 29.446 GC heap before
{Heap before GC invocations=19 (full 7):
 PSYoungGen      total 737792K, used 550459K [0x0000000715580000, 0x000000074df80000, 0x00000007c0000000)
  eden space 544256K, 100% used [0x0000000715580000,0x0000000736900000,0x0000000736900000)
  from space 193536K, 3% used [0x0000000742080000,0x000000074268eef8,0x000000074dd80000)
  to   space 187904K, 0% used [0x0000000736900000,0x0000000736900000,0x0000000742080000)
 ParOldGen       total 509952K, used 509753K [0x00000005c0000000, 0x00000005df200000, 0x0000000715580000)
  object space 509952K, 99% used [0x00000005c0000000,0x00000005df1ce4c0,0x00000005df200000)
 Metaspace       used 6616K, capacity 7282K, committed 7552K, reserved 1056768K
  class space    used 600K, capacity 618K, committed 640K, reserved 1048576K
Event: 32.001 GC heap after
Heap after GC invocations=19 (full 7):
 PSYoungGen      total 737792K, used 95077K [0x0000000715580000, 0x000000074df80000, 0x00000007c0000000)
  eden space 544256K, 17% used [0x0000000715580000,0x000000071b2597a0,0x0000000736900000)
  from space 193536K, 0% used [0x0000000742080000,0x0000000742080000,0x000000074dd80000)
  to   space 187904K, 0% used [0x0000000736900000,0x0000000736900000,0x0000000742080000)
 ParOldGen       total 509952K, used 509933K [0x00000005c0000000, 0x00000005df200000, 0x0000000715580000)
  object space 509952K, 99% used [0x00000005c0000000,0x00000005df1fb400,0x00000005df200000)
 Metaspace       used 6616K, capacity 7282K, committed 7552K, reserved 1056768K
  class space    used 600K, capacity 618K, committed 640K, reserved 1048576K
}
Event: 33.086 GC heap before
{Heap before GC invocations=20 (full 8):
 PSYoungGen      total 737792K, used 544256K [0x0000000715580000, 0x000000074df80000, 0x00000007c0000000)
  eden space 544256K, 100% used [0x0000000715580000,0x0000000736900000,0x0000000736900000)
  from space 193536K, 0% used [0x0000000742080000,0x0000000742080000,0x000000074dd80000)
  to   space 187904K, 0% used [0x0000000736900000,0x0000000736900000,0x0000000742080000)
 ParOldGen       total 509952K, used 509933K [0x00000005c0000000, 0x00000005df200000, 0x0000000715580000)
  object space 509952K, 99% used [0x00000005c0000000,0x00000005df1fb400,0x00000005df200000)
 Metaspace       used 6618K, capacity 7282K, committed 7552K, reserved 1056768K
  class space    used 600K, capacity 618K, committed 640K, reserved 1048576K
Event: 35.962 GC heap after
Heap after GC invocations=20 (full 8):
 PSYoungGen      total 737792K, used 157209K [0x0000000715580000, 0x000000074df80000, 0x00000007c0000000)
  eden space 544256K, 28% used [0x0000000715580000,0x000000071ef06538,0x0000000736900000)
  from space 193536K, 0% used [0x0000000742080000,0x0000000742080000,0x000000074dd80000)
  to   space 187904K, 0% used [0x0000000736900000,0x0000000736900000,0x0000000742080000)
 ParOldGen       total 509952K, used 509753K [0x00000005c0000000, 0x00000005df200000, 0x0000000715580000)
  object space 509952K, 99% used [0x00000005c0000000,0x00000005df1ce5a8,0x00000005df200000)
 Metaspace       used 6618K, capacity 7282K, committed 7552K, reserved 1056768K
  class space    used 600K, capacity 618K, committed 640K, reserved 1048576K
}

Deoptimization events (10 events):
Event: 33.002 Thread 0x0000000027d15800 Uncommon trap: reason=class_check action=maybe_recompile pc=0x00000000039c8474 method=com.android.dx.ssa.back.FirstFitLocalCombiningAllocator.findRopRegForLocal(II)I @ 66
Event: 33.009 Thread 0x0000000027d16800 Uncommon trap: reason=class_check action=maybe_recompile pc=0x0000000003971370 method=com.android.dx.ssa.back.FirstFitLocalCombiningAllocator.findRopRegForLocal(II)I @ 66
Event: 37.406 Thread 0x0000000028736800 Uncommon trap: reason=bimorphic action=maybe_recompile pc=0x0000000003160aa4 method=java.util.concurrent.FutureTask.run()V @ 42
Event: 37.434 Thread 0x0000000028736800 Uncommon trap: reason=class_check action=maybe_recompile pc=0x000000000333aba4 method=java.util.Arrays.hashCode([Ljava/lang/Object;)I @ 43
Event: 37.435 Thread 0x0000000028736800 Uncommon trap: reason=class_check action=maybe_recompile pc=0x000000000333aba4 method=java.util.Arrays.hashCode([Ljava/lang/Object;)I @ 43
Event: 37.435 Thread 0x0000000028736800 Uncommon trap: reason=class_check action=maybe_recompile pc=0x000000000333aba4 method=java.util.Arrays.hashCode([Ljava/lang/Object;)I @ 43
Event: 37.435 Thread 0x0000000028736800 Uncommon trap: reason=class_check action=maybe_recompile pc=0x000000000333aba4 method=java.util.Arrays.hashCode([Ljava/lang/Object;)I @ 43
Event: 37.435 Thread 0x0000000028736800 Uncommon trap: reason=class_check action=maybe_recompile pc=0x00000000032df444 method=java.util.Arrays.hashCode([Ljava/lang/Object;)I @ 43
Event: 37.435 Thread 0x0000000028736800 Uncommon trap: reason=unstable_if action=reinterpret pc=0x00000000030f2628 method=java.util.Arrays.sort([Ljava/lang/Object;IILjava/util/Comparator;)V @ 1
Event: 37.450 Thread 0x0000000027d15800 Uncommon trap: reason=unstable_if action=reinterpret pc=0x0000000003999a74 method=com.android.dx.ssa.SsaMethod.deleteInsns(Ljava/util/Set;)V @ 130

Internal exceptions (10 events):
Event: 0.034 Thread 0x000000000123e000 Exception <a 'java/lang/NoSuchMethodError': Method sun.misc.Unsafe.defineClass(Ljava/lang/String;[BII)Ljava/lang/Class; name or signature does not match> (0x0000000715587c78) thrown at [C:\src\android\AOSP-openjdk\external\jetbrains\jdk\hotspot\src\share\v¹pBUzh¡?
Event: 0.034 Thread 0x000000000123e000 Exception <a 'java/lang/NoSuchMethodError': Method sun.misc.Unsafe.prefetchRead(Ljava/lang/Object;J)V name or signature does not match> (0x0000000715587f60) thrown at [C:\src\android\AOSP-openjdk\external\jetbrains\jdk\hotspot\src\share\vm\prims\jni.cpp, l«iY’aÝì?
Event: 0.902 Thread 0x000000000123e000 Implicit null exception at 0x000000000309a1d4 to 0x000000000309afad
Event: 1.740 Thread 0x0000000027bbd000 Exception <a 'java/lang/ArrayIndexOutOfBoundsException': 18> (0x0000000717b71380) thrown at [C:\src\android\AOSP-openjdk\external\jetbrains\jdk\hotspot\src\share\vm\interpreter\interpreterRuntime.cpp, line 366]
Event: 1.741 Thread 0x0000000027bbd000 Exception <a 'java/lang/ArrayIndexOutOfBoundsException'> (0x0000000717b72f00) thrown at [C:\src\android\AOSP-openjdk\external\jetbrains\jdk\hotspot\src\share\vm\runtime\sharedRuntime.cpp, line 605]
Event: 1.742 Thread 0x0000000027bbd000 Exception <a 'java/lang/ArrayIndexOutOfBoundsException'> (0x0000000717b741e8) thrown at [C:\src\android\AOSP-openjdk\external\jetbrains\jdk\hotspot\src\share\vm\runtime\sharedRuntime.cpp, line 605]
Event: 15.010 Thread 0x000000000123e000 Implicit null exception at 0x0000000002e5bf94 to 0x0000000002e5c941
Event: 17.694 Thread 0x0000000027d15800 Implicit null exception at 0x0000000003385e27 to 0x0000000003387d29
Event: 29.242 Thread 0x0000000027bbd000 Implicit null exception at 0x000000000390a96c to 0x000000000390a98e
Event: 37.435 Thread 0x0000000028736800 Implicit null exception at 0x00000000030ebc95 to 0x00000000030f2609

Events (10 events):
Event: 38.244 Thread 0x0000000027d15800 DEOPT PACKING pc=0x00000000030b6cff sp=0x000000002952ebc0
Event: 38.244 Thread 0x0000000027d15800 DEOPT UNPACKING pc=0x0000000002d375bf sp=0x000000002952e9a0 mode 0
Event: 38.250 Thread 0x0000000027d16800 DEOPT PACKING pc=0x00000000030b6cff sp=0x000000002962eb70
Event: 38.250 Thread 0x0000000027d16800 DEOPT UNPACKING pc=0x0000000002d375bf sp=0x000000002962e950 mode 0
Event: 38.262 Thread 0x0000000027d16800 DEOPT PACKING pc=0x00000000030b6cff sp=0x000000002962eb70
Event: 38.262 Thread 0x0000000027d16800 DEOPT UNPACKING pc=0x0000000002d375bf sp=0x000000002962e950 mode 0
Event: 38.292 Thread 0x0000000027d15000 DEOPT PACKING pc=0x00000000030b6cff sp=0x000000002942ea10
Event: 38.292 Thread 0x0000000027d15000 DEOPT UNPACKING pc=0x0000000002d375bf sp=0x000000002942e7f0 mode 0
Event: 38.300 Thread 0x000000000123e000 DEOPT PACKING pc=0x00000000030b6cff sp=0x0000000002bee320
Event: 38.300 Thread 0x000000000123e000 DEOPT UNPACKING pc=0x0000000002d375bf sp=0x0000000002bee100 mode 0


Dynamic libraries:
0x00007ff691d10000 - 0x00007ff691d41000 	C:\Program Files\Android\Android Studio\jre\bin\java.exe
0x00007ff9bff50000 - 0x00007ff9c012b000 	C:\WINDOWS\SYSTEM32\ntdll.dll
0x00007ff9bf170000 - 0x00007ff9bf21e000 	C:\WINDOWS\System32\KERNEL32.DLL
0x00007ff9bcfb0000 - 0x00007ff9bd1f9000 	C:\WINDOWS\System32\KERNELBASE.dll
0x00007ff9bf390000 - 0x00007ff9bf431000 	C:\WINDOWS\System32\ADVAPI32.dll
0x00007ff9bf270000 - 0x00007ff9bf30d000 	C:\WINDOWS\System32\msvcrt.dll
0x00007ff9bdcc0000 - 0x00007ff9bdd19000 	C:\WINDOWS\System32\sechost.dll
0x00007ff9bfa30000 - 0x00007ff9bfb55000 	C:\WINDOWS\System32\RPCRT4.dll
0x00007ff9bfd30000 - 0x00007ff9bfe7a000 	C:\WINDOWS\System32\USER32.dll
0x00007ff9bcd70000 - 0x00007ff9bcd8e000 	C:\WINDOWS\System32\win32u.dll
0x00007ff9bf240000 - 0x00007ff9bf267000 	C:\WINDOWS\System32\GDI32.dll
0x00007ff9bcbe0000 - 0x00007ff9bcd68000 	C:\WINDOWS\System32\gdi32full.dll
0x00007ff9bd200000 - 0x00007ff9bd29a000 	C:\WINDOWS\System32\msvcp_win.dll
0x00007ff9bd3b0000 - 0x00007ff9bd4a6000 	C:\WINDOWS\System32\ucrtbase.dll
0x00007ff9a8f30000 - 0x00007ff9a9197000 	C:\WINDOWS\WinSxS\amd64_microsoft.windows.common-controls_6595b64144ccf1df_6.0.15063.483_none_26002d27e7c744a2\COMCTL32.dll
0x00007ff9bd630000 - 0x00007ff9bd929000 	C:\WINDOWS\System32\combase.dll
0x00007ff9bcb70000 - 0x00007ff9bcbda000 	C:\WINDOWS\System32\bcryptPrimitives.dll
0x00007ff9bd4b0000 - 0x00007ff9bd4dd000 	C:\WINDOWS\System32\IMM32.DLL
0x00000000518b0000 - 0x0000000051982000 	C:\Program Files\Android\Android Studio\jre\jre\bin\msvcr100.dll
0x00000000777c0000 - 0x0000000077ffc000 	C:\Program Files\Android\Android Studio\jre\jre\bin\server\jvm.dll
0x00007ff9bff40000 - 0x00007ff9bff48000 	C:\WINDOWS\System32\PSAPI.DLL
0x00007ff9aa250000 - 0x00007ff9aa273000 	C:\WINDOWS\SYSTEM32\WINMM.dll
0x00007ff9b5750000 - 0x00007ff9b575a000 	C:\WINDOWS\SYSTEM32\VERSION.dll
0x00007ff9a6990000 - 0x00007ff9a6999000 	C:\WINDOWS\SYSTEM32\WSOCK32.dll
0x00007ff9bf320000 - 0x00007ff9bf38c000 	C:\WINDOWS\System32\WS2_32.dll
0x00007ff9aa0b0000 - 0x00007ff9aa0db000 	C:\WINDOWS\SYSTEM32\winmmbase.dll
0x00007ff9bcf60000 - 0x00007ff9bcfa9000 	C:\WINDOWS\System32\cfgmgr32.dll
0x00007ff9b8390000 - 0x00007ff9b839f000 	C:\Program Files\Android\Android Studio\jre\jre\bin\verify.dll
0x00007ff9b1e20000 - 0x00007ff9b1e49000 	C:\Program Files\Android\Android Studio\jre\jre\bin\java.dll
0x00007ff9b5d30000 - 0x00007ff9b5d46000 	C:\Program Files\Android\Android Studio\jre\jre\bin\zip.dll
0x00007ff9bdd30000 - 0x00007ff9bf167000 	C:\WINDOWS\System32\SHELL32.dll
0x00007ff9bf440000 - 0x00007ff9bf4ea000 	C:\WINDOWS\System32\shcore.dll
0x00007ff9bc470000 - 0x00007ff9bcb63000 	C:\WINDOWS\System32\windows.storage.dll
0x00007ff9bf4f0000 - 0x00007ff9bf541000 	C:\WINDOWS\System32\shlwapi.dll
0x00007ff9bc430000 - 0x00007ff9bc441000 	C:\WINDOWS\System32\kernel.appcore.dll
0x00007ff9bc3c0000 - 0x00007ff9bc40c000 	C:\WINDOWS\System32\powrprof.dll
0x00007ff9bc410000 - 0x00007ff9bc425000 	C:\WINDOWS\System32\profapi.dll

VM Arguments:
jvm_args: -Djava.awt.headless=true -Xmx8g -Dfile.encoding=windows-1252 -Duser.country=SE -Duser.language=sv -Duser.variant 
java_command: com.android.dx.command.Main --dex --num-threads=4 --multi-dex --main-dex-list C:\Users\pontu\Documents\portcdm-mobile-app\App\android\app\build\intermediates\multi-dex\debug\maindexlist.txt --output C:\Users\pontu\Documents\portcdm-mobile-app\App\android\app\build\intermediates\transforms\dex\debug\folders\1000\1f\main C:\Users\pontu\Documents\portcdm-mobile-app\App\android\app\build\intermediates\transforms\jarMerging\debug\jars\1\1f\combined.jar
java_class_path (initial): C:\Users\pontu\AppData\Local\Android\Sdk\build-tools\25.0.2\lib\dx.jar
Launcher Type: SUN_STANDARD

Environment Variables:
JAVA_HOME=C:\Program Files (x86)\Java\jdk1.8.0_131
PATH=C:\ProgramData\Oracle\Java\javapath;C:\Program Files (x86)\Intel\iCLS Client\;C:\Program Files\Intel\iCLS Client\;C:\Windows\system32;C:\Windows;C:\Windows\System32\Wbem;C:\Windows\System32\WindowsPowerShell\v1.0\;C:\Program Files (x86)\Intel\Intel(R) Management Engine Components\DAL;C:\Program Files\Intel\Intel(R) Management Engine Components\DAL;C:\Program Files (x86)\Intel\Intel(R) Management Engine Components\IPT;C:\Program Files\Intel\Intel(R) Management Engine Components\IPT;C:\Program Files (x86)\NVIDIA Corporation\PhysX\Common;C:\Program Files\erl8.0\bin;C:\Users\pontu\Documents\Programmering\Haskell\ghc-7.10.3\bin;C:\Program Files\Git\cmd;C:\Program Files (x86)\Windows Live\Shared;C:\Program Files (x86)\GtkSharp\2.12\bin;C:\WINDOWS\system32\config\systemprofile\.dnx\bin;C:\Program Files\Microsoft DNX\Dnvm\;C:\Program Files\Microsoft SQL Server\130\Tools\Binn\;C:\MinGW\bin;C:\WINDOWS\system32;C:\WINDOWS;C:\WINDOWS\System32\Wbem;C:\Program Files\PostgreSQL\9.6\bin;C:\Program Files (x86)\Microsoft SQL Server\Client SDK\ODBC\130\Tools\Binn\;C:\Program Files (x86)\Microsoft SQL Server\130\Tools\Binn\;C:\Program Files (x86)\Microsoft SQL Server\130\DTS\Binn\;C:\Program Files (x86)\Microsoft SQL Server\130\Tools\Binn\ManagementStudio\;C:\Program Files (x86)\Skype\Phone\;C:\Program Files\dotnet\;C:\WINDOWS\System32\WindowsPowerShell\v1.0\;C:\Program Files\Maven\apache-maven-3.5.0\bin;C:\Program Files\OpenVPN\bin;C:\Program Files\PuTTY\;C:\Program Files\nodejs\;C:\Program Files (x86)\Android\android-sdk\platform-tools;C:\Users\pontu\Documents\Programmering\cmd;C:\Users\pontu\AppData\Local\Microsoft\WindowsApps;;C:\Users\pontu\AppData\Roaming\npm;C:\Program Files\Microsoft VS Code\bin
USERNAME=pontu
OS=Windows_NT
PROCESSOR_IDENTIFIER=Intel64 Family 6 Model 78 Stepping 3, GenuineIntel



---------------  S Y S T E M  ---------------

OS: Windows 10.0 , 64 bit Build 15063 (10.0.15063.296)

CPU:total 4 (2 cores per cpu, 2 threads per core) family 6 model 78 stepping 3, cmov, cx8, fxsr, mmx, sse, sse2, sse3, ssse3, sse4.1, sse4.2, popcnt, avx, avx2, aes, clmul, erms, 3dnowpref, lzcnt, ht, tsc, tscinvbit, bmi1, bmi2, adx

Memory: 4k page, physical 8251996k(329368k free), swap 10200668k(6436k free)

vm_info: OpenJDK 64-Bit Server VM (25.112-b06) for windows-amd64 JRE (1.8.0_112-release-b06), built on Dec  8 2016 00:54:26 by "builder" with MS VC++ 10.0 (VS2010)

time: Fri Sep 08 14:46:16 2017
elapsed time: 38 seconds (0d 0h 0m 38s)

