#
# There is insufficient memory for the Java Runtime Environment to continue.
# Native memory allocation (malloc) failed to allocate 2395376 bytes for Chunk::new
# Possible reasons:
#   The system is out of physical RAM or swap space
#   In 32 bit mode, the process size limit was hit
# Possible solutions:
#   Reduce memory load on the system
#   Increase physical memory or swap space
#   Check if swap backing store is full
#   Use 64 bit Java on a 64 bit OS
#   Decrease Java heap size (-Xmx/-Xms)
#   Decrease number of Java threads
#   Decrease Java thread stack sizes (-Xss)
#   Set larger code cache with -XX:ReservedCodeCacheSize=
# This output file may be truncated or incomplete.
#
#  Out of Memory Error (allocation.cpp:390), pid=10992, tid=0x0000000000001dc0
#
# JRE version: OpenJDK Runtime Environment (8.0_112-b06) (build 1.8.0_112-release-b06)
# Java VM: OpenJDK 64-Bit Server VM (25.112-b06 mixed mode windows-amd64 compressed oops)
# Failed to write core dump. Minidumps are not enabled by default on client versions of Windows
#

---------------  T H R E A D  ---------------

Current thread (0x0000000017d18800):  JavaThread "C2 CompilerThread1" daemon [_thread_in_native, id=7616, stack(0x0000000019570000,0x0000000019670000)]

Stack: [0x0000000019570000,0x0000000019670000]
[error occurred during error reporting (printing stack bounds), id 0xc0000005]

Native frames: (J=compiled Java code, j=interpreted, Vv=VM code, C=native code)


Current CompileTask:
C2:    996  383   !   4       com.android.dx.cf.cst.ConstantPoolParser::parse0 (731 bytes)


---------------  P R O C E S S  ---------------

Java Threads: ( => current thread )
  0x00000000197a0800 JavaThread "Service Thread" daemon [_thread_blocked, id=6252, stack(0x0000000019b70000,0x0000000019c70000)]
  0x0000000017d1e000 JavaThread "C1 CompilerThread2" daemon [_thread_blocked, id=5444, stack(0x0000000019670000,0x0000000019770000)]
=>0x0000000017d18800 JavaThread "C2 CompilerThread1" daemon [_thread_in_native, id=7616, stack(0x0000000019570000,0x0000000019670000)]
  0x0000000017d28800 JavaThread "C2 CompilerThread0" daemon [_thread_in_native, id=4772, stack(0x0000000019470000,0x0000000019570000)]
  0x0000000017d27800 JavaThread "Attach Listener" daemon [_thread_blocked, id=4820, stack(0x0000000019370000,0x0000000019470000)]
  0x0000000017d26000 JavaThread "Signal Dispatcher" daemon [_thread_blocked, id=13880, stack(0x0000000019270000,0x0000000019370000)]
  0x000000000322c000 JavaThread "Finalizer" daemon [_thread_blocked, id=4312, stack(0x0000000018f80000,0x0000000019080000)]
  0x0000000003221000 JavaThread "Reference Handler" daemon [_thread_blocked, id=6456, stack(0x0000000018e80000,0x0000000018f80000)]
  0x000000000312e000 JavaThread "main" [_thread_in_native, id=8600, stack(0x0000000002fd0000,0x00000000030d0000)]

Other Threads:
  0x0000000017ce5800 VMThread [stack: 0x0000000018d80000,0x0000000018e80000] [id=2752]
  0x0000000017d7d800 WatcherThread [stack: 0x0000000019c70000,0x0000000019d70000] [id=2560]

VM state:not at safepoint (normal execution)

VM Mutex/Monitor currently owned by a thread: None

Heap:
 PSYoungGen      total 70656K, used 18582K [0x00000000d6000000, 0x00000000daa00000, 0x0000000100000000)
  eden space 65536K, 20% used [0x00000000d6000000,0x00000000d6d26538,0x00000000da000000)
  from space 5120K, 99% used [0x00000000da500000,0x00000000da9ff4d0,0x00000000daa00000)
  to   space 5120K, 0% used [0x00000000da000000,0x00000000da000000,0x00000000da500000)
 ParOldGen       total 86016K, used 16K [0x0000000082000000, 0x0000000087400000, 0x00000000d6000000)
  object space 86016K, 0% used [0x0000000082000000,0x0000000082004000,0x0000000087400000)
 Metaspace       used 3634K, capacity 5144K, committed 5376K, reserved 1056768K
  class space    used 375K, capacity 456K, committed 512K, reserved 1048576K

Card table byte_map: [0x00000000125f0000,0x00000000129f0000] byte_map_base: 0x00000000121e0000

Marking Bits: (ParMarkBitMap*) 0x0000000077f818f0
 Begin Bits: [0x0000000013090000, 0x0000000015010000)
 End Bits:   [0x0000000015010000, 0x0000000016f90000)

Polling page: 0x0000000001270000

CodeCache: size=245760Kb used=3044Kb max_used=3044Kb free=242715Kb
 bounds [0x0000000003230000, 0x0000000003530000, 0x0000000012230000]
 total_blobs=754 nmethods=509 adapters=159
 compilation: enabled

Compilation events (10 events):
Event: 0.877 Thread 0x0000000017d1e000  520       1       com.android.dx.cf.iface.StdMember::getAttributes (5 bytes)
Event: 0.877 Thread 0x0000000017d1e000 nmethod 520 0x0000000003529fd0 code [0x000000000352a120, 0x000000000352a230]
Event: 0.879 Thread 0x0000000017d1e000  521       2       com.android.multidex.MainDexListBuilder::hasRuntimeVisibleAnnotation (37 bytes)
Event: 0.880 Thread 0x0000000017d1e000 nmethod 521 0x000000000352a290 code [0x000000000352a420, 0x000000000352a678]
Event: 0.884 Thread 0x0000000017d1e000  522       2       com.android.dx.cf.iface.StdFieldList::get (9 bytes)
Event: 0.885 Thread 0x0000000017d1e000 nmethod 522 0x000000000352a850 code [0x000000000352a9c0, 0x000000000352ab88]
Event: 0.886 Thread 0x0000000017d1e000  523       2       com.android.dx.cf.iface.StdAttributeList::findFirst (44 bytes)
Event: 0.886 Thread 0x0000000017d1e000 nmethod 523 0x000000000352ac50 code [0x000000000352ade0, 0x000000000352b0b8]
Event: 0.887 Thread 0x0000000017d1e000  524       2       com.android.dx.cf.direct.DirectClassFile::parseToEndIfNecessary (12 bytes)
Event: 0.887 Thread 0x0000000017d1e000 nmethod 524 0x000000000352b2d0 code [0x000000000352b440, 0x000000000352b5c8]

GC Heap History (4 events):
Event: 0.604 GC heap before
{Heap before GC invocations=1 (full 0):
 PSYoungGen      total 37888K, used 32768K [0x00000000d6000000, 0x00000000d8a00000, 0x0000000100000000)
  eden space 32768K, 100% used [0x00000000d6000000,0x00000000d8000000,0x00000000d8000000)
  from space 5120K, 0% used [0x00000000d8500000,0x00000000d8500000,0x00000000d8a00000)
  to   space 5120K, 0% used [0x00000000d8000000,0x00000000d8000000,0x00000000d8500000)
 ParOldGen       total 86016K, used 0K [0x0000000082000000, 0x0000000087400000, 0x00000000d6000000)
  object space 86016K, 0% used [0x0000000082000000,0x0000000082000000,0x0000000087400000)
 Metaspace       used 3602K, capacity 5144K, committed 5376K, reserved 1056768K
  class space    used 371K, capacity 456K, committed 512K, reserved 1048576K
Event: 0.616 GC heap after
Heap after GC invocations=1 (full 0):
 PSYoungGen      total 37888K, used 4266K [0x00000000d6000000, 0x00000000daa00000, 0x0000000100000000)
  eden space 32768K, 0% used [0x00000000d6000000,0x00000000d6000000,0x00000000d8000000)
  from space 5120K, 83% used [0x00000000d8000000,0x00000000d842abd0,0x00000000d8500000)
  to   space 5120K, 0% used [0x00000000da500000,0x00000000da500000,0x00000000daa00000)
 ParOldGen       total 86016K, used 8K [0x0000000082000000, 0x0000000087400000, 0x00000000d6000000)
  object space 86016K, 0% used [0x0000000082000000,0x0000000082002000,0x0000000087400000)
 Metaspace       used 3602K, capacity 5144K, committed 5376K, reserved 1056768K
  class space    used 371K, capacity 456K, committed 512K, reserved 1048576K
}
Event: 0.803 GC heap before
{Heap before GC invocations=2 (full 0):
 PSYoungGen      total 37888K, used 37034K [0x00000000d6000000, 0x00000000daa00000, 0x0000000100000000)
  eden space 32768K, 100% used [0x00000000d6000000,0x00000000d8000000,0x00000000d8000000)
  from space 5120K, 83% used [0x00000000d8000000,0x00000000d842abd0,0x00000000d8500000)
  to   space 5120K, 0% used [0x00000000da500000,0x00000000da500000,0x00000000daa00000)
 ParOldGen       total 86016K, used 8K [0x0000000082000000, 0x0000000087400000, 0x00000000d6000000)
  object space 86016K, 0% used [0x0000000082000000,0x0000000082002000,0x0000000087400000)
 Metaspace       used 3615K, capacity 5144K, committed 5376K, reserved 1056768K
  class space    used 371K, capacity 456K, committed 512K, reserved 1048576K
Event: 0.812 GC heap after
Heap after GC invocations=2 (full 0):
 PSYoungGen      total 70656K, used 5117K [0x00000000d6000000, 0x00000000daa00000, 0x0000000100000000)
  eden space 65536K, 0% used [0x00000000d6000000,0x00000000d6000000,0x00000000da000000)
  from space 5120K, 99% used [0x00000000da500000,0x00000000da9ff4d0,0x00000000daa00000)
  to   space 5120K, 0% used [0x00000000da000000,0x00000000da000000,0x00000000da500000)
 ParOldGen       total 86016K, used 16K [0x0000000082000000, 0x0000000087400000, 0x00000000d6000000)
  object space 86016K, 0% used [0x0000000082000000,0x0000000082004000,0x0000000087400000)
 Metaspace       used 3615K, capacity 5144K, committed 5376K, reserved 1056768K
  class space    used 371K, capacity 456K, committed 512K, reserved 1048576K
}

Deoptimization events (1 events):
Event: 0.428 Thread 0x000000000312e000 Uncommon trap: reason=unloaded action=reinterpret pc=0x000000000345ea60 method=com.android.dx.cf.cst.ConstantPoolParser.parse0(ILjava/util/BitSet;)Lcom/android/dx/rop/cst/Constant; @ 176

Internal exceptions (2 events):
Event: 0.131 Thread 0x000000000312e000 Exception <a 'java/lang/NoSuchMethodError': Method sun.misc.Unsafe.defineClass(Ljava/lang/String;[BII)Ljava/lang/Class; name or signature does not match> (0x00000000d6007c78) thrown at [C:\src\android\AOSP-openjdk\external\jetbrains\jdk\hotspot\src\share\vñQ∑4r÷¿?
Event: 0.132 Thread 0x000000000312e000 Exception <a 'java/lang/NoSuchMethodError': Method sun.misc.Unsafe.prefetchRead(Ljava/lang/Object;J)V name or signature does not match> (0x00000000d6007f60) thrown at [C:\src\android\AOSP-openjdk\external\jetbrains\jdk\hotspot\src\share\vm\prims\jni.cpp, l

Events (10 events):
Event: 0.869 loading class java/util/HashMap$KeyIterator
Event: 0.869 loading class java/util/HashMap$HashIterator
Event: 0.869 loading class java/util/HashMap$HashIterator done
Event: 0.869 loading class java/util/HashMap$KeyIterator done
Event: 0.871 loading class com/android/multidex/ArchivePathElement$1
Event: 0.871 loading class com/android/multidex/ArchivePathElement$1 done
Event: 0.871 loading class com/android/multidex/ArchivePathElement$1$1
Event: 0.871 loading class com/android/multidex/ArchivePathElement$1$1 done
Event: 0.873 loading class java/util/NoSuchElementException
Event: 0.873 loading class java/util/NoSuchElementException done


Dynamic libraries:
0x00007ff691d10000 - 0x00007ff691d41000 	C:\Program Files\Android\Android Studio\jre\bin\java.exe
0x00007ff9bff50000 - 0x00007ff9c012b000 	C:\WINDOWS\SYSTEM32\ntdll.dll
0x00007ff9bf170000 - 0x00007ff9bf21e000 	C:\WINDOWS\System32\KERNEL32.DLL
0x00007ff9bcfb0000 - 0x00007ff9bd1f9000 	C:\WINDOWS\System32\KERNELBASE.dll
0x00007ff9bf390000 - 0x00007ff9bf431000 	C:\WINDOWS\System32\ADVAPI32.dll
0x00007ff9bf270000 - 0x00007ff9bf30d000 	C:\WINDOWS\System32\msvcrt.dll
0x00007ff9bdcc0000 - 0x00007ff9bdd19000 	C:\WINDOWS\System32\sechost.dll
0x00007ff9bfa30000 - 0x00007ff9bfb55000 	C:\WINDOWS\System32\RPCRT4.dll
0x00007ff9bfd30000 - 0x00007ff9bfe7a000 	C:\WINDOWS\System32\USER32.dll
0x00007ff9bcd70000 - 0x00007ff9bcd8e000 	C:\WINDOWS\System32\win32u.dll
0x00007ff9bf240000 - 0x00007ff9bf267000 	C:\WINDOWS\System32\GDI32.dll
0x00007ff9bcbe0000 - 0x00007ff9bcd68000 	C:\WINDOWS\System32\gdi32full.dll
0x00007ff9bd200000 - 0x00007ff9bd29a000 	C:\WINDOWS\System32\msvcp_win.dll
0x00007ff9bd3b0000 - 0x00007ff9bd4a6000 	C:\WINDOWS\System32\ucrtbase.dll
0x00007ff9a8f30000 - 0x00007ff9a9197000 	C:\WINDOWS\WinSxS\amd64_microsoft.windows.common-controls_6595b64144ccf1df_6.0.15063.483_none_26002d27e7c744a2\COMCTL32.dll
0x00007ff9bd630000 - 0x00007ff9bd929000 	C:\WINDOWS\System32\combase.dll
0x00007ff9bcb70000 - 0x00007ff9bcbda000 	C:\WINDOWS\System32\bcryptPrimitives.dll
0x00007ff9bd4b0000 - 0x00007ff9bd4dd000 	C:\WINDOWS\System32\IMM32.DLL
0x00000000518b0000 - 0x0000000051982000 	C:\Program Files\Android\Android Studio\jre\jre\bin\msvcr100.dll
0x00000000777c0000 - 0x0000000077ffc000 	C:\Program Files\Android\Android Studio\jre\jre\bin\server\jvm.dll
0x00007ff9bff40000 - 0x00007ff9bff48000 	C:\WINDOWS\System32\PSAPI.DLL
0x00007ff9b5750000 - 0x00007ff9b575a000 	C:\WINDOWS\SYSTEM32\VERSION.dll
0x00007ff9aa250000 - 0x00007ff9aa273000 	C:\WINDOWS\SYSTEM32\WINMM.dll
0x00007ff9aa0b0000 - 0x00007ff9aa0db000 	C:\WINDOWS\SYSTEM32\WINMMBASE.dll
0x00007ff9bcf60000 - 0x00007ff9bcfa9000 	C:\WINDOWS\System32\cfgmgr32.dll
0x00007ff9a6990000 - 0x00007ff9a6999000 	C:\WINDOWS\SYSTEM32\WSOCK32.dll
0x00007ff9bf320000 - 0x00007ff9bf38c000 	C:\WINDOWS\System32\WS2_32.dll
0x00007ff9b8390000 - 0x00007ff9b839f000 	C:\Program Files\Android\Android Studio\jre\jre\bin\verify.dll
0x00007ff9b1d70000 - 0x00007ff9b1d99000 	C:\Program Files\Android\Android Studio\jre\jre\bin\java.dll
0x00007ff9b5d30000 - 0x00007ff9b5d46000 	C:\Program Files\Android\Android Studio\jre\jre\bin\zip.dll
0x00007ff9bdd30000 - 0x00007ff9bf167000 	C:\WINDOWS\System32\SHELL32.dll
0x00007ff9bf440000 - 0x00007ff9bf4ea000 	C:\WINDOWS\System32\shcore.dll
0x00007ff9bc470000 - 0x00007ff9bcb63000 	C:\WINDOWS\System32\windows.storage.dll
0x00007ff9bf4f0000 - 0x00007ff9bf541000 	C:\WINDOWS\System32\shlwapi.dll
0x00007ff9bc430000 - 0x00007ff9bc441000 	C:\WINDOWS\System32\kernel.appcore.dll
0x00007ff9bc3c0000 - 0x00007ff9bc40c000 	C:\WINDOWS\System32\powrprof.dll
0x00007ff9bc410000 - 0x00007ff9bc425000 	C:\WINDOWS\System32\profapi.dll

VM Arguments:
jvm_args: -Djava.awt.headless=true -Dfile.encoding=windows-1252 -Duser.country=SE -Duser.language=sv -Duser.variant 
java_command: com.android.multidex.ClassReferenceListBuilder C:\Users\pontu\Documents\portcdm-mobile-app\App\android\app\build\intermediates\multi-dex\debug\componentClasses.jar C:\Users\pontu\Documents\portcdm-mobile-app\App\android\app\build\intermediates\transforms\jarMerging\debug\jars\1\1f\combined.jar
java_class_path (initial): C:\Users\pontu\AppData\Local\Android\Sdk\build-tools\25.0.2\lib\dx.jar
Launcher Type: SUN_STANDARD

Environment Variables:
JAVA_HOME=C:\Program Files (x86)\Java\jdk1.8.0_131
PATH=C:\ProgramData\Oracle\Java\javapath;C:\Program Files (x86)\Intel\iCLS Client\;C:\Program Files\Intel\iCLS Client\;C:\Windows\system32;C:\Windows;C:\Windows\System32\Wbem;C:\Windows\System32\WindowsPowerShell\v1.0\;C:\Program Files (x86)\Intel\Intel(R) Management Engine Components\DAL;C:\Program Files\Intel\Intel(R) Management Engine Components\DAL;C:\Program Files (x86)\Intel\Intel(R) Management Engine Components\IPT;C:\Program Files\Intel\Intel(R) Management Engine Components\IPT;C:\Program Files (x86)\NVIDIA Corporation\PhysX\Common;C:\Program Files\erl8.0\bin;C:\Users\pontu\Documents\Programmering\Haskell\ghc-7.10.3\bin;C:\Program Files\Git\cmd;C:\Program Files (x86)\Windows Live\Shared;C:\Program Files (x86)\GtkSharp\2.12\bin;C:\WINDOWS\system32\config\systemprofile\.dnx\bin;C:\Program Files\Microsoft DNX\Dnvm\;C:\Program Files\Microsoft SQL Server\130\Tools\Binn\;C:\MinGW\bin;C:\WINDOWS\system32;C:\WINDOWS;C:\WINDOWS\System32\Wbem;C:\Program Files\PostgreSQL\9.6\bin;C:\Program Files (x86)\Microsoft SQL Server\Client SDK\ODBC\130\Tools\Binn\;C:\Program Files (x86)\Microsoft SQL Server\130\Tools\Binn\;C:\Program Files (x86)\Microsoft SQL Server\130\DTS\Binn\;C:\Program Files (x86)\Microsoft SQL Server\130\Tools\Binn\ManagementStudio\;C:\Program Files (x86)\Skype\Phone\;C:\Program Files\dotnet\;C:\WINDOWS\System32\WindowsPowerShell\v1.0\;C:\Program Files\Maven\apache-maven-3.5.0\bin;C:\Program Files\OpenVPN\bin;C:\Program Files\PuTTY\;C:\Program Files\nodejs\;C:\Program Files (x86)\Android\android-sdk\platform-tools;C:\Users\pontu\Documents\Programmering\cmd;C:\Users\pontu\AppData\Local\Microsoft\WindowsApps;;C:\Users\pontu\AppData\Roaming\npm;C:\Program Files\Microsoft VS Code\bin
USERNAME=pontu
OS=Windows_NT
PROCESSOR_IDENTIFIER=Intel64 Family 6 Model 78 Stepping 3, GenuineIntel



---------------  S Y S T E M  ---------------

OS: Windows 10.0 , 64 bit Build 15063 (10.0.15063.296)

CPU:total 4 (2 cores per cpu, 2 threads per core) family 6 model 78 stepping 3, cmov, cx8, fxsr, mmx, sse, sse2, sse3, ssse3, sse4.1, sse4.2, popcnt, avx, avx2, aes, clmul, erms, 3dnowpref, lzcnt, ht, tsc, tscinvbit, bmi1, bmi2, adx

Memory: 4k page, physical 8251996k(213028k free), swap 10200668k(5700k free)

vm_info: OpenJDK 64-Bit Server VM (25.112-b06) for windows-amd64 JRE (1.8.0_112-release-b06), built on Dec  8 2016 00:54:26 by "builder" with MS VC++ 10.0 (VS2010)

time: Fri Sep 08 14:39:58 2017
elapsed time: 0 seconds (0d 0h 0m 0s)

